Wed Jan 12 15:38:21 EST 2022
Slurm nodes: evc9
You were assigned 1 gpu(s)
Please run `conda env list` to see a list of all available environments. Use
`source activate <env>` to activate the environment '<env>'. 

Currently Loaded Modules:
  1) anaconda/anaconda3

 

	[4mGPU0	mlx5_0	CPU Affinity	NUMA Affinity[0m
GPU0	 X 	SYS	0,2,4,6	0-1
mlx5_0	SYS	 X 		

Legend:

  X    = Self
  SYS  = Connection traversing PCIe as well as the SMP interconnect between NUMA nodes (e.g., QPI/UPI)
  NODE = Connection traversing PCIe as well as the interconnect between PCIe Host Bridges within a NUMA node
  PHB  = Connection traversing PCIe as well as a PCIe Host Bridge (typically the CPU)
  PXB  = Connection traversing multiple PCIe bridges (without traversing the PCIe Host Bridge)
  PIX  = Connection traversing at most a single PCIe bridge
  NV#  = Connection traversing a bonded set of # NVLinks


compress_rate: [6, 4, 4, 6, 4, 4, 4, 4, 4, 4, 4, 4, 4, 13, 4, 10, 6, 4, 4, 12, 18, 16, 4, 15, 4, 16, 4, 12, 7, 13, 4, 15, 4, 18, 4, 12, 4, 32, 26, 36, 16, 32, 13, 29, 23, 32, 16, 36, 10, 23, 13, 20, 10, 13, 7]
Namespace(add_bn=True, arch='resnet56', checkpoint='cifar/checkpoint', compress_rate=[6, 4, 4, 6, 4, 4, 4, 4, 4, 4, 4, 4, 4, 13, 4, 10, 6, 4, 4, 12, 18, 16, 4, 15, 4, 16, 4, 12, 7, 13, 4, 15, 4, 18, 4, 12, 4, 32, 26, 36, 16, 32, 13, 29, 23, 32, 16, 36, 10, 23, 13, 20, 10, 13, 7], dataset='cifar10', epochs=120, gamma=0.1, jobid='122980', l1_weight=0, l2_weight=0.001, logs='cifar/logs', lr=0.01, manualSeed=4495, momentum=0.9, schedule=[30, 60, 90], test_batch=100, train_batch=128, weight_decay=0.0005, workers=4)
Processing conv  0
Processing conv  1
Processing conv  2
Processing conv  3
Processing conv  4
Processing conv  5
Processing conv  6
Processing conv  7
Processing conv  8
Processing conv  9
Processing conv  10
Processing conv  11
Processing conv  12
Processing conv  13
Processing conv  14
Processing conv  15
Processing conv  16
Processing conv  17
Processing conv  18
Processing conv  19
Processing conv  20
Processing conv  21
Processing conv  22
Processing conv  23
Processing conv  24
Processing conv  25
Processing conv  26
Processing conv  27
Processing conv  28
Processing conv  29
Processing conv  30
Processing conv  31
Processing conv  32
Processing conv  33
Processing conv  34
Processing conv  35
Processing conv  36
Processing conv  37
Processing conv  38
Processing conv  39
Processing conv  40
Processing conv  41
Processing conv  42
Processing conv  43
Processing conv  44
Processing conv  45
Processing conv  46
Processing conv  47
Processing conv  48
Processing conv  49
Processing conv  50
Processing conv  51
Processing conv  52
Processing conv  53
Processing conv  54
Skipping linear  55
update_channels: Model compression is updated to [6, 4, 4, 6, 4, 4, 4, 4, 4, 4, 4, 4, 4, 13, 4, 10, 6, 4, 4, 12, 18, 16, 4, 15, 4, 16, 4, 12, 7, 13, 4, 15, 4, 18, 4, 12, 4, 32, 26, 36, 16, 32, 13, 29, 23, 32, 16, 36, 10, 23, 13, 20, 10, 13, 7]

############################################# resnet56-cifar10 #############################################

    Model FLOPs: 250.97M
    Basis Model FLOPs: 89.80M
    % Reduction in FLOPs: 64.22 %
    % Speedup: 2.79 %

    Model Conv Params: 0.85M
    Basis Model Conv params: 0.32M
    % Reduction in Conv params: 63.02 %

    Model Total Params: 0.85M
    Basis Model Total params: 0.32M
    % Reduction in Total params: 62.97 %

    Model Filters: 2032
    Basis Model Filters: 666
    % Reduction in Filters: 67.22 %

    Model Accuracy: 
    Basis Model Accuracy: 
    Reduction in Accuracy: 

    Filter in original convs: [16, 16, 16, 16, 16, 16, 16, 16, 16, 16, 16, 16, 16, 16, 16, 16, 16, 16, 16, 32, 32, 32, 32, 32, 32, 32, 32, 32, 32, 32, 32, 32, 32, 32, 32, 32, 32, 64, 64, 64, 64, 64, 64, 64, 64, 64, 64, 64, 64, 64, 64, 64, 64, 64, 64]
    Filter in original basis convs: [6, 4, 4, 6, 4, 4, 4, 4, 4, 4, 4, 4, 4, 13, 4, 10, 6, 4, 4, 12, 18, 16, 4, 15, 4, 16, 4, 12, 7, 13, 4, 15, 4, 18, 4, 12, 4, 32, 26, 36, 16, 32, 13, 29, 23, 32, 16, 36, 10, 23, 13, 20, 10, 13, 7]

#########################################################################################################

==> Preparing dataset cifar10
Files already downloaded and verified
Testing...
 -> Progress: 20 done!
 -> Progress: 40 done!
 -> Progress: 60 done!
 -> Progress: 80 done!
 -> Progress: 100 done!

Test loss: 6.0733 
Val accuracy: 9.99%
==> Preparing dataset cifar10
Files already downloaded and verified
==> Preparing dataset cifar10
Files already downloaded and verified
    Total params: 0.32M

Epoch: [1 | 120] LR: 0.010000
Training...
 -> Progress: 20 done!
 -> Progress: 40 done!
 -> Progress: 60 done!
 -> Progress: 80 done!
 -> Progress: 100 done!
Testing...
 -> Progress: 20 done!
 -> Progress: 40 done!
 -> Progress: 60 done!
 -> Progress: 80 done!
 -> Progress: 100 done!

Keys:  ['time', 'acc1', 'acc5', 'loss', 'ce_loss', 'l1_loss', 'l2_loss']
Training:  [0.07920363492063244, 79.19117647058823, 98.49144820971867, 0.6301935617347507, 0.6301679278121275, 0.0, 0.025632584603752742]
Testing:  [0.02691744565963745, 84.28, 99.27, 0.47389089554548264, 0.47386151045560837, 0.0, 0.029382284730672836]
Best Acc:  84.28

Epoch: [2 | 120] LR: 0.010000
Training...
 -> Progress: 20 done!
 -> Progress: 40 done!
 -> Progress: 60 done!
 -> Progress: 80 done!
 -> Progress: 100 done!
Testing...
 -> Progress: 20 done!
 -> Progress: 40 done!
 -> Progress: 60 done!
 -> Progress: 80 done!
 -> Progress: 100 done!

Keys:  ['time', 'acc1', 'acc5', 'loss', 'ce_loss', 'l1_loss', 'l2_loss']
Training:  [0.07934214696859765, 88.96978900255755, 99.67031649616368, 0.319978529115772, 0.31994679897947387, 0.0, 0.031729637652330694]
Testing:  [0.02679481029510498, 86.79, 99.5, 0.40061250403523446, 0.4005776940286159, 0.0, 0.03482363000512123]
Best Acc:  86.79

Epoch: [3 | 120] LR: 0.010000
Training...
 -> Progress: 20 done!
 -> Progress: 40 done!
 -> Progress: 60 done!
 -> Progress: 80 done!
 -> Progress: 100 done!
Testing...
 -> Progress: 20 done!
 -> Progress: 40 done!
 -> Progress: 60 done!
 -> Progress: 80 done!
 -> Progress: 100 done!

Keys:  ['time', 'acc1', 'acc5', 'loss', 'ce_loss', 'l1_loss', 'l2_loss']
Training:  [0.07944884507552437, 90.95428388746804, 99.76902173913044, 0.2578227994463328, 0.25778735354733284, 0.0, 0.03544630336067866]
Testing:  [0.02686389684677124, 87.45, 99.57, 0.38086986005306245, 0.38083311706781386, 0.0, 0.0367421954870224]
Best Acc:  87.45

Epoch: [4 | 120] LR: 0.010000
Training...
 -> Progress: 20 done!
 -> Progress: 40 done!
 -> Progress: 60 done!
 -> Progress: 80 done!
 -> Progress: 100 done!
Testing...
 -> Progress: 20 done!
 -> Progress: 40 done!
 -> Progress: 60 done!
 -> Progress: 80 done!
 -> Progress: 100 done!

Keys:  ['time', 'acc1', 'acc5', 'loss', 'ce_loss', 'l1_loss', 'l2_loss']
Training:  [0.0827610578073565, 92.02965153452685, 99.84015345268543, 0.22838030033328038, 0.22834172882997167, 0.0, 0.03857150704354581]
Testing:  [0.02826441526412964, 88.36, 99.58, 0.36128227099776267, 0.3612420356273651, 0.0, 0.040244895964860916]
Best Acc:  88.36

Epoch: [5 | 120] LR: 0.010000
Training...
 -> Progress: 20 done!
 -> Progress: 40 done!
 -> Progress: 60 done!
 -> Progress: 80 done!
 -> Progress: 100 done!
Testing...
 -> Progress: 20 done!
 -> Progress: 40 done!
 -> Progress: 60 done!
 -> Progress: 80 done!
 -> Progress: 100 done!

Keys:  ['time', 'acc1', 'acc5', 'loss', 'ce_loss', 'l1_loss', 'l2_loss']
Training:  [0.08291558292515748, 92.68022698209718, 99.90009590792839, 0.2107725381813086, 0.21073136875010512, 0.0, 0.04116925491434534]
Testing:  [0.028150966167449953, 88.52, 99.62, 0.3684136354923248, 0.3683709254860878, 0.0, 0.042709846049547195]
Best Acc:  88.52

Epoch: [6 | 120] LR: 0.010000
Training...
 -> Progress: 20 done!
 -> Progress: 40 done!
 -> Progress: 60 done!
 -> Progress: 80 done!
 -> Progress: 100 done!
Testing...
 -> Progress: 20 done!
 -> Progress: 40 done!
 -> Progress: 60 done!
 -> Progress: 80 done!
 -> Progress: 100 done!

Keys:  ['time', 'acc1', 'acc5', 'loss', 'ce_loss', 'l1_loss', 'l2_loss']
Training:  [0.08298696703313256, 93.26166879795396, 99.87212276214834, 0.19202354631346205, 0.19197963933696222, 0.0, 0.04390689635368259]
Testing:  [0.02821028470993042, 88.77, 99.56, 0.378065469712019, 0.3780191907286644, 0.0, 0.04627419263124466]
Best Acc:  88.77

Epoch: [7 | 120] LR: 0.010000
Training...
 -> Progress: 20 done!
 -> Progress: 40 done!
 -> Progress: 60 done!
 -> Progress: 80 done!
 -> Progress: 100 done!
Testing...
 -> Progress: 20 done!
 -> Progress: 40 done!
 -> Progress: 60 done!
 -> Progress: 80 done!
 -> Progress: 100 done!

Keys:  ['time', 'acc1', 'acc5', 'loss', 'ce_loss', 'l1_loss', 'l2_loss']
Training:  [0.08309471515743323, 93.35318094629156, 99.89010549872123, 0.18988117548968175, 0.189834331631508, 0.0, 0.04684359432600648]
Testing:  [0.028035714626312255, 89.22, 99.64, 0.33383541807532313, 0.33378722265362737, 0.0, 0.0482020229101181]
Best Acc:  89.22

Epoch: [8 | 120] LR: 0.010000
Training...
 -> Progress: 20 done!
 -> Progress: 40 done!
 -> Progress: 60 done!
 -> Progress: 80 done!
 -> Progress: 100 done!
Testing...
 -> Progress: 20 done!
 -> Progress: 40 done!
 -> Progress: 60 done!
 -> Progress: 80 done!
 -> Progress: 100 done!

Keys:  ['time', 'acc1', 'acc5', 'loss', 'ce_loss', 'l1_loss', 'l2_loss']
Training:  [0.0830193163488832, 93.77717391304348, 99.89609974424552, 0.18070603399287405, 0.18065747685368408, 0.0, 0.048556861269961844]
Testing:  [0.02805445432662964, 88.39, 99.67, 0.37226970300078394, 0.37222166016697883, 0.0, 0.04805021733045578]
Best Acc:  89.22

Epoch: [9 | 120] LR: 0.010000
Training...
 -> Progress: 20 done!
 -> Progress: 40 done!
 -> Progress: 60 done!
 -> Progress: 80 done!
 -> Progress: 100 done!
Testing...
 -> Progress: 20 done!
 -> Progress: 40 done!
 -> Progress: 60 done!
 -> Progress: 80 done!
 -> Progress: 100 done!

Keys:  ['time', 'acc1', 'acc5', 'loss', 'ce_loss', 'l1_loss', 'l2_loss']
Training:  [0.08314392633755188, 94.22194693094629, 99.93606138107417, 0.16846865440344871, 0.16841951086926643, 0.0, 0.049143749848960916]
Testing:  [0.028247931003570557, 89.17, 99.57, 0.3632700414955616, 0.36321866393089297, 0.0, 0.05136799439787865]
Best Acc:  89.22

Epoch: [10 | 120] LR: 0.010000
Training...
 -> Progress: 20 done!
 -> Progress: 40 done!
 -> Progress: 60 done!
 -> Progress: 80 done!
 -> Progress: 100 done!
Testing...
 -> Progress: 20 done!
 -> Progress: 40 done!
 -> Progress: 60 done!
 -> Progress: 80 done!
 -> Progress: 100 done!

Keys:  ['time', 'acc1', 'acc5', 'loss', 'ce_loss', 'l1_loss', 'l2_loss']
Training:  [0.0830899333709951, 94.05850383631713, 99.92407289002557, 0.17028106507056814, 0.17022930432463546, 0.0, 0.05176073657658399]
Testing:  [0.028258461952209473, 89.44, 99.7, 0.3465398223698139, 0.34648829236626627, 0.0, 0.051529984921216965]
Best Acc:  89.44

Epoch: [11 | 120] LR: 0.010000
Training...
 -> Progress: 20 done!
 -> Progress: 40 done!
 -> Progress: 60 done!
 -> Progress: 80 done!
 -> Progress: 100 done!
Testing...
 -> Progress: 20 done!
 -> Progress: 40 done!
 -> Progress: 60 done!
 -> Progress: 80 done!
 -> Progress: 100 done!

Keys:  ['time', 'acc1', 'acc5', 'loss', 'ce_loss', 'l1_loss', 'l2_loss']
Training:  [0.08302259140307336, 94.457320971867, 99.926070971867, 0.1617918822466565, 0.16174014571987455, 0.0, 0.05173610564311752]
Testing:  [0.028168189525604247, 89.35, 99.63, 0.3418669292330742, 0.34181313171982763, 0.0, 0.05380261316895485]
Best Acc:  89.44

Epoch: [12 | 120] LR: 0.010000
Training...
 -> Progress: 20 done!
 -> Progress: 40 done!
 -> Progress: 60 done!
 -> Progress: 80 done!
 -> Progress: 100 done!
Testing...
 -> Progress: 20 done!
 -> Progress: 40 done!
 -> Progress: 60 done!
 -> Progress: 80 done!
 -> Progress: 100 done!

Keys:  ['time', 'acc1', 'acc5', 'loss', 'ce_loss', 'l1_loss', 'l2_loss']
Training:  [0.08301634739731889, 94.45492327365729, 99.93606138107417, 0.15814636934481924, 0.15809293701063337, 0.0, 0.05343242171589676]
Testing:  [0.028172872066497802, 87.77, 99.63, 0.4030630411207676, 0.4030105650424957, 0.0, 0.05247216299176216]
Best Acc:  89.44

Epoch: [13 | 120] LR: 0.010000
Training...
 -> Progress: 20 done!
 -> Progress: 40 done!
 -> Progress: 60 done!
 -> Progress: 80 done!
 -> Progress: 100 done!
Testing...
 -> Progress: 20 done!
 -> Progress: 40 done!
 -> Progress: 60 done!
 -> Progress: 80 done!
 -> Progress: 100 done!

Keys:  ['time', 'acc1', 'acc5', 'loss', 'ce_loss', 'l1_loss', 'l2_loss']
Training:  [0.08314044030426103, 94.41576086956522, 99.94605179028133, 0.1606710685888672, 0.16061632167500303, 0.0, 0.0547467791725455]
Testing:  [0.028078770637512206, 88.87, 99.65, 0.3685123610496521, 0.36845615386962893, 0.0, 0.05621080473065376]
Best Acc:  89.44

Epoch: [14 | 120] LR: 0.010000
Training...
 -> Progress: 20 done!
 -> Progress: 40 done!
 -> Progress: 60 done!
 -> Progress: 80 done!
 -> Progress: 100 done!
Testing...
 -> Progress: 20 done!
 -> Progress: 40 done!
 -> Progress: 60 done!
 -> Progress: 80 done!
 -> Progress: 100 done!

Keys:  ['time', 'acc1', 'acc5', 'loss', 'ce_loss', 'l1_loss', 'l2_loss']
Training:  [0.08317940985150349, 94.6783088235294, 99.9440537084399, 0.15363749727378112, 0.15357994470183198, 0.0, 0.057552541984850186]
Testing:  [0.028181350231170653, 89.41, 99.6, 0.35725117176771165, 0.35719380468130113, 0.0, 0.0573682077229023]
Best Acc:  89.44

Epoch: [15 | 120] LR: 0.010000
Training...
 -> Progress: 20 done!
 -> Progress: 40 done!
 -> Progress: 60 done!
 -> Progress: 80 done!
 -> Progress: 100 done!
Testing...
 -> Progress: 20 done!
 -> Progress: 40 done!
 -> Progress: 60 done!
 -> Progress: 80 done!
 -> Progress: 100 done!

Keys:  ['time', 'acc1', 'acc5', 'loss', 'ce_loss', 'l1_loss', 'l2_loss']
Training:  [0.0832150567827932, 94.5724104859335, 99.9320652173913, 0.1541627882253331, 0.15410497242494312, 0.0, 0.057815781201395536]
Testing:  [0.028323779106140135, 89.69, 99.59, 0.33323959857225416, 0.3331812481582165, 0.0, 0.058339063078165054]
Best Acc:  89.69

Epoch: [16 | 120] LR: 0.010000
Training...
 -> Progress: 20 done!
 -> Progress: 40 done!
 -> Progress: 60 done!
 -> Progress: 80 done!
 -> Progress: 100 done!
Testing...
 -> Progress: 20 done!
 -> Progress: 40 done!
 -> Progress: 60 done!
 -> Progress: 80 done!
 -> Progress: 100 done!

Keys:  ['time', 'acc1', 'acc5', 'loss', 'ce_loss', 'l1_loss', 'l2_loss']
Training:  [0.08289565820523236, 94.65433184143222, 99.95204603580562, 0.15392517882501683, 0.1538653630868096, 0.0, 0.059815775545890376]
Testing:  [0.028033785820007324, 89.35, 99.7, 0.35607475124299526, 0.35601198762655256, 0.0, 0.06275799870491028]
Best Acc:  89.69

Epoch: [17 | 120] LR: 0.010000
Training...
 -> Progress: 20 done!
 -> Progress: 40 done!
 -> Progress: 60 done!
 -> Progress: 80 done!
 -> Progress: 100 done!
Testing...
 -> Progress: 20 done!
 -> Progress: 40 done!
 -> Progress: 60 done!
 -> Progress: 80 done!
 -> Progress: 100 done!

Keys:  ['time', 'acc1', 'acc5', 'loss', 'ce_loss', 'l1_loss', 'l2_loss']
Training:  [0.08310763854199968, 94.5432384910486, 99.94804987212277, 0.15465178690336245, 0.15458837971853479, 0.0, 0.06340712279348118]
Testing:  [0.028257219791412352, 89.36, 99.69, 0.352193481400609, 0.3521298236399889, 0.0, 0.06365546584129333]
Best Acc:  89.69

Epoch: [18 | 120] LR: 0.010000
Training...
 -> Progress: 20 done!
 -> Progress: 40 done!
 -> Progress: 60 done!
 -> Progress: 80 done!
 -> Progress: 100 done!
Testing...
 -> Progress: 20 done!
 -> Progress: 40 done!
 -> Progress: 60 done!
 -> Progress: 80 done!
 -> Progress: 100 done!

Keys:  ['time', 'acc1', 'acc5', 'loss', 'ce_loss', 'l1_loss', 'l2_loss']
Training:  [0.08310137197489628, 94.43534207161126, 99.9380594629156, 0.15684068993762937, 0.15677746666400025, 0.0, 0.0632229138480123]
Testing:  [0.028092010021209715, 89.68, 99.69, 0.34750976771116254, 0.34744628876447675, 0.0, 0.06348028779029846]
Best Acc:  89.69

Epoch: [19 | 120] LR: 0.010000
Training...
 -> Progress: 20 done!
 -> Progress: 40 done!
 -> Progress: 60 done!
 -> Progress: 80 done!
 -> Progress: 100 done!
Testing...
 -> Progress: 20 done!
 -> Progress: 40 done!
 -> Progress: 60 done!
 -> Progress: 80 done!
 -> Progress: 100 done!

Keys:  ['time', 'acc1', 'acc5', 'loss', 'ce_loss', 'l1_loss', 'l2_loss']
Training:  [0.0830341964731436, 94.78700447570333, 99.9440537084399, 0.1503198190837565, 0.15025577279727173, 0.0, 0.06404618905557086]
Testing:  [0.028099064826965333, 89.65, 99.67, 0.339720287322998, 0.33965531587600706, 0.0, 0.06497981399297714]
Best Acc:  89.69

Epoch: [20 | 120] LR: 0.010000
Training...
 -> Progress: 20 done!
 -> Progress: 40 done!
 -> Progress: 60 done!
 -> Progress: 80 done!
 -> Progress: 100 done!
Testing...
 -> Progress: 20 done!
 -> Progress: 40 done!
 -> Progress: 60 done!
 -> Progress: 80 done!
 -> Progress: 100 done!

Keys:  ['time', 'acc1', 'acc5', 'loss', 'ce_loss', 'l1_loss', 'l2_loss']
Training:  [0.08321775377863813, 94.81218030690538, 99.94804987212277, 0.15021766404933332, 0.15015044159558424, 0.0, 0.06722226312093417]
Testing:  [0.028193566799163818, 88.8, 99.58, 0.3608970479667187, 0.36082790650427343, 0.0, 0.06914786249399185]
Best Acc:  89.69

Epoch: [21 | 120] LR: 0.010000
Training...
 -> Progress: 20 done!
 -> Progress: 40 done!
 -> Progress: 60 done!
 -> Progress: 80 done!
 -> Progress: 100 done!
Testing...
 -> Progress: 20 done!
 -> Progress: 40 done!
 -> Progress: 60 done!
 -> Progress: 80 done!
 -> Progress: 100 done!

Keys:  ['time', 'acc1', 'acc5', 'loss', 'ce_loss', 'l1_loss', 'l2_loss']
Training:  [0.08301283209525107, 94.84614769820972, 99.94804987212277, 0.1496881691981917, 0.14961794609456416, 0.0, 0.07022278058483168]
Testing:  [0.027981326580047608, 88.29, 99.58, 0.39015867188572884, 0.3900888757407665, 0.0, 0.06978567689657211]
Best Acc:  89.69

Epoch: [22 | 120] LR: 0.010000
Training...
 -> Progress: 20 done!
 -> Progress: 40 done!
 -> Progress: 60 done!
 -> Progress: 80 done!
 -> Progress: 100 done!
Testing...
 -> Progress: 20 done!
 -> Progress: 40 done!
 -> Progress: 60 done!
 -> Progress: 80 done!
 -> Progress: 100 done!

Keys:  ['time', 'acc1', 'acc5', 'loss', 'ce_loss', 'l1_loss', 'l2_loss']
Training:  [0.0831265205617451, 94.84414961636828, 99.9468510230179, 0.14844948342998923, 0.14837850884670187, 0.0, 0.07097459527308983]
Testing:  [0.02800999641418457, 89.23, 99.52, 0.36704746350646017, 0.3669756741821766, 0.0, 0.07178520411252975]
Best Acc:  89.69

Epoch: [23 | 120] LR: 0.010000
Training...
 -> Progress: 20 done!
 -> Progress: 40 done!
 -> Progress: 60 done!
 -> Progress: 80 done!
 -> Progress: 100 done!
Testing...
 -> Progress: 20 done!
 -> Progress: 40 done!
 -> Progress: 60 done!
 -> Progress: 80 done!
 -> Progress: 100 done!

Keys:  ['time', 'acc1', 'acc5', 'loss', 'ce_loss', 'l1_loss', 'l2_loss']
Training:  [0.08294096871105301, 94.59638746803068, 99.94085677749361, 0.15307942976998856, 0.15300633271446312, 0.0, 0.0730968436126209]
Testing:  [0.028106408119201662, 89.74, 99.66, 0.33583763167262076, 0.33576449677348136, 0.0, 0.07313623279333115]
Best Acc:  89.74

Epoch: [24 | 120] LR: 0.010000
Training...
 -> Progress: 20 done!
 -> Progress: 40 done!
 -> Progress: 60 done!
 -> Progress: 80 done!
 -> Progress: 100 done!
Testing...
 -> Progress: 20 done!
 -> Progress: 40 done!
 -> Progress: 60 done!
 -> Progress: 80 done!
 -> Progress: 100 done!

Keys:  ['time', 'acc1', 'acc5', 'loss', 'ce_loss', 'l1_loss', 'l2_loss']
Training:  [0.08300958143170838, 94.88011508951406, 99.94005754475704, 0.14898671204095607, 0.1489139190586784, 0.0, 0.07279299506369759]
Testing:  [0.02825356721878052, 89.15, 99.63, 0.36078606471419333, 0.3607136796414852, 0.0, 0.07237721234560013]
Best Acc:  89.74

Epoch: [25 | 120] LR: 0.010000
Training...
 -> Progress: 20 done!
 -> Progress: 40 done!
 -> Progress: 60 done!
 -> Progress: 80 done!
 -> Progress: 100 done!
Testing...
 -> Progress: 20 done!
 -> Progress: 40 done!
 -> Progress: 60 done!
 -> Progress: 80 done!
 -> Progress: 100 done!

Keys:  ['time', 'acc1', 'acc5', 'loss', 'ce_loss', 'l1_loss', 'l2_loss']
Training:  [0.0831046494681512, 94.62396099744245, 99.94804987212277, 0.15212181331518362, 0.15204798641717038, 0.0, 0.07382704054608065]
Testing:  [0.02815300703048706, 89.93, 99.68, 0.3270863072574139, 0.32700965568423274, 0.0, 0.07665470242500305]
Best Acc:  89.93

Epoch: [26 | 120] LR: 0.010000
Training...
 -> Progress: 20 done!
 -> Progress: 40 done!
 -> Progress: 60 done!
 -> Progress: 80 done!
 -> Progress: 100 done!
Testing...
 -> Progress: 20 done!
 -> Progress: 40 done!
 -> Progress: 60 done!
 -> Progress: 80 done!
 -> Progress: 100 done!

Keys:  ['time', 'acc1', 'acc5', 'loss', 'ce_loss', 'l1_loss', 'l2_loss']
Training:  [0.08307741121257968, 94.60158248081841, 99.94205562659846, 0.15405427530179244, 0.15397706340112344, 0.0, 0.07721201484770421]
Testing:  [0.028163366317749024, 87.39, 99.59, 0.4216743810474873, 0.42159743145108225, 0.0, 0.07695203274488449]
Best Acc:  89.93

Epoch: [27 | 120] LR: 0.010000
Training...
 -> Progress: 20 done!
 -> Progress: 40 done!
 -> Progress: 60 done!
 -> Progress: 80 done!
 -> Progress: 100 done!
Testing...
 -> Progress: 20 done!
 -> Progress: 40 done!
 -> Progress: 60 done!
 -> Progress: 80 done!
 -> Progress: 100 done!

Keys:  ['time', 'acc1', 'acc5', 'loss', 'ce_loss', 'l1_loss', 'l2_loss']
Training:  [0.08315333929818, 94.76582480818415, 99.94884910485933, 0.1506631682957987, 0.15058425357541466, 0.0, 0.07891447760183792]
Testing:  [0.028161382675170897, 89.28, 99.54, 0.356001972258091, 0.3559231774508953, 0.0, 0.07878786325454712]
Best Acc:  89.93

Epoch: [28 | 120] LR: 0.010000
Training...
 -> Progress: 20 done!
 -> Progress: 40 done!
 -> Progress: 60 done!
 -> Progress: 80 done!
 -> Progress: 100 done!
Testing...
 -> Progress: 20 done!
 -> Progress: 40 done!
 -> Progress: 60 done!
 -> Progress: 80 done!
 -> Progress: 100 done!

Keys:  ['time', 'acc1', 'acc5', 'loss', 'ce_loss', 'l1_loss', 'l2_loss']
Training:  [0.08304418444328601, 94.81218030690538, 99.9440537084399, 0.1500506990439142, 0.14997089880011272, 0.0, 0.07980029399285231]
Testing:  [0.028185813426971434, 89.83, 99.62, 0.33791976697742937, 0.3378397449851036, 0.0, 0.0800245925784111]
Best Acc:  89.93

Epoch: [29 | 120] LR: 0.010000
Training...
 -> Progress: 20 done!
 -> Progress: 40 done!
 -> Progress: 60 done!
 -> Progress: 80 done!
 -> Progress: 100 done!
Testing...
 -> Progress: 20 done!
 -> Progress: 40 done!
 -> Progress: 60 done!
 -> Progress: 80 done!
 -> Progress: 100 done!

Keys:  ['time', 'acc1', 'acc5', 'loss', 'ce_loss', 'l1_loss', 'l2_loss']
Training:  [0.08311693686658464, 94.74704283887468, 99.9320652173913, 0.1532193141729783, 0.15313823983225677, 0.0, 0.08107417987664338]
Testing:  [0.028081533908843995, 89.36, 99.65, 0.3532019890844822, 0.3531203554570675, 0.0, 0.08163950592279434]
Best Acc:  89.93

Epoch: [30 | 120] LR: 0.010000
Training...
 -> Progress: 20 done!
 -> Progress: 40 done!
 -> Progress: 60 done!
 -> Progress: 80 done!
 -> Progress: 100 done!
Testing...
 -> Progress: 20 done!
 -> Progress: 40 done!
 -> Progress: 60 done!
 -> Progress: 80 done!
 -> Progress: 100 done!

Keys:  ['time', 'acc1', 'acc5', 'loss', 'ce_loss', 'l1_loss', 'l2_loss']
Training:  [0.08295887632443168, 94.80458759590793, 99.94605179028133, 0.1485722181780259, 0.14848829585763498, 0.0, 0.08392258920251866]
Testing:  [0.028100950717926024, 89.62, 99.61, 0.3345585860311985, 0.33447460308670995, 0.0, 0.08398701250553131]
Best Acc:  89.93

Epoch: [31 | 120] LR: 0.001000
Training...
 -> Progress: 20 done!
 -> Progress: 40 done!
 -> Progress: 60 done!
 -> Progress: 80 done!
 -> Progress: 100 done!
Testing...
 -> Progress: 20 done!
 -> Progress: 40 done!
 -> Progress: 60 done!
 -> Progress: 80 done!
 -> Progress: 100 done!

Keys:  ['time', 'acc1', 'acc5', 'loss', 'ce_loss', 'l1_loss', 'l2_loss']
Training:  [0.08323819192169267, 96.8925831202046, 99.97802109974424, 0.09491866147217086, 0.09483475866429794, 0.0, 0.08390282265975348]
Testing:  [0.02819889545440674, 91.98, 99.75, 0.2641103429347277, 0.26402665801346303, 0.0, 0.08368504047393799]
Best Acc:  91.98

Epoch: [32 | 120] LR: 0.010000
Training...
 -> Progress: 20 done!
 -> Progress: 40 done!
 -> Progress: 60 done!
 -> Progress: 80 done!
 -> Progress: 100 done!
Testing...
 -> Progress: 20 done!
 -> Progress: 40 done!
 -> Progress: 60 done!
 -> Progress: 80 done!
 -> Progress: 100 done!

Keys:  ['time', 'acc1', 'acc5', 'loss', 'ce_loss', 'l1_loss', 'l2_loss']
Training:  [0.08313515485095246, 97.74576406649616, 99.99200767263427, 0.07228190950153733, 0.0721985084502517, 0.0, 0.08340099796919567]
Testing:  [0.02822634220123291, 92.11, 99.8, 0.25899593144655225, 0.2589129617810249, 0.0, 0.082970529794693]
Best Acc:  92.11

Epoch: [33 | 120] LR: 0.010000
Training...
 -> Progress: 20 done!
 -> Progress: 40 done!
 -> Progress: 60 done!
 -> Progress: 80 done!
 -> Progress: 100 done!
Testing...
 -> Progress: 20 done!
 -> Progress: 40 done!
 -> Progress: 60 done!
 -> Progress: 80 done!
 -> Progress: 100 done!

Keys:  ['time', 'acc1', 'acc5', 'loss', 'ce_loss', 'l1_loss', 'l2_loss']
Training:  [0.08313181577131266, 98.06345907928389, 99.98601342710998, 0.06442404172056929, 0.06434115881333723, 0.0, 0.08288291254845422]
Testing:  [0.028186731338500977, 92.23, 99.74, 0.26557718150317666, 0.2654945098608732, 0.0, 0.08267123997211456]
Best Acc:  92.23

Epoch: [34 | 120] LR: 0.010000
Training...
 -> Progress: 20 done!
 -> Progress: 40 done!
 -> Progress: 60 done!
 -> Progress: 80 done!
 -> Progress: 100 done!
Testing...
 -> Progress: 20 done!
 -> Progress: 40 done!
 -> Progress: 60 done!
 -> Progress: 80 done!
 -> Progress: 100 done!

Keys:  ['time', 'acc1', 'acc5', 'loss', 'ce_loss', 'l1_loss', 'l2_loss']
Training:  [0.08304558446645127, 98.25847186700767, 99.99000959079284, 0.05802960561402618, 0.05794715511676905, 0.0, 0.08245049634248094]
Testing:  [0.028206965923309325, 92.19, 99.77, 0.2692688021063805, 0.2691866073012352, 0.0, 0.08219580352306366]
Best Acc:  92.23

Epoch: [35 | 120] LR: 0.010000
Training...
 -> Progress: 20 done!
 -> Progress: 40 done!
 -> Progress: 60 done!
 -> Progress: 80 done!
 -> Progress: 100 done!
Testing...
 -> Progress: 20 done!
 -> Progress: 40 done!
 -> Progress: 60 done!
 -> Progress: 80 done!
 -> Progress: 100 done!

Keys:  ['time', 'acc1', 'acc5', 'loss', 'ce_loss', 'l1_loss', 'l2_loss']
Training:  [0.08311359900647722, 98.39154411764706, 99.9880115089514, 0.054068210163175145, 0.05398612984401338, 0.0, 0.08208034351429976]
Testing:  [0.028168234825134277, 92.11, 99.78, 0.26747209154069423, 0.2673902180045843, 0.0, 0.08187749981880188]
Best Acc:  92.23

Epoch: [36 | 120] LR: 0.010000
Training...
 -> Progress: 20 done!
 -> Progress: 40 done!
 -> Progress: 60 done!
 -> Progress: 80 done!
 -> Progress: 100 done!
Testing...
 -> Progress: 20 done!
 -> Progress: 40 done!
 -> Progress: 60 done!
 -> Progress: 80 done!
 -> Progress: 100 done!

Keys:  ['time', 'acc1', 'acc5', 'loss', 'ce_loss', 'l1_loss', 'l2_loss']
Training:  [0.08324246821196182, 98.4670716112532, 99.99200767263427, 0.05120518417728832, 0.05112346500406027, 0.0, 0.08171930554730203]
Testing:  [0.028277401924133302, 92.33, 99.73, 0.26791843548417094, 0.2678366582095623, 0.0, 0.08177024871110916]
Best Acc:  92.33

Epoch: [37 | 120] LR: 0.010000
Training...
 -> Progress: 20 done!
 -> Progress: 40 done!
 -> Progress: 60 done!
 -> Progress: 80 done!
 -> Progress: 100 done!
Testing...
 -> Progress: 20 done!
 -> Progress: 40 done!
 -> Progress: 60 done!
 -> Progress: 80 done!
 -> Progress: 100 done!

Keys:  ['time', 'acc1', 'acc5', 'loss', 'ce_loss', 'l1_loss', 'l2_loss']
Training:  [0.08314863373251523, 98.47346547314578, 99.9880115089514, 0.05057599857601973, 0.050494333000286766, 0.0, 0.08166562480008815]
Testing:  [0.02811267614364624, 92.41, 99.79, 0.2689642286300659, 0.268882577419281, 0.0, 0.08164621889591217]
Best Acc:  92.41

Epoch: [38 | 120] LR: 0.010000
Training...
 -> Progress: 20 done!
 -> Progress: 40 done!
 -> Progress: 60 done!
 -> Progress: 80 done!
 -> Progress: 100 done!
Testing...
 -> Progress: 20 done!
 -> Progress: 40 done!
 -> Progress: 60 done!
 -> Progress: 80 done!
 -> Progress: 100 done!

Keys:  ['time', 'acc1', 'acc5', 'loss', 'ce_loss', 'l1_loss', 'l2_loss']
Training:  [0.08295606164371266, 98.54939258312021, 99.99000959079284, 0.048625165487036985, 0.04854354050362964, 0.0, 0.08162501479125084]
Testing:  [0.028125319480895996, 92.31, 99.77, 0.2689637957513332, 0.2688822929561138, 0.0, 0.08149798214435577]
Best Acc:  92.41

Epoch: [39 | 120] LR: 0.010000
Training...
 -> Progress: 20 done!
 -> Progress: 40 done!
 -> Progress: 60 done!
 -> Progress: 80 done!
 -> Progress: 100 done!
Testing...
 -> Progress: 20 done!
 -> Progress: 40 done!
 -> Progress: 60 done!
 -> Progress: 80 done!
 -> Progress: 100 done!

Keys:  ['time', 'acc1', 'acc5', 'loss', 'ce_loss', 'l1_loss', 'l2_loss']
Training:  [0.08304790462679265, 98.59574808184144, 99.99000959079284, 0.046081394888460636, 0.04600015889062448, 0.0, 0.08123594796870981]
Testing:  [0.028148462772369386, 92.45, 99.75, 0.2703611259162426, 0.27028005734086036, 0.0, 0.08107344806194305]
Best Acc:  92.45

Epoch: [40 | 120] LR: 0.010000
Training...
 -> Progress: 20 done!
 -> Progress: 40 done!
 -> Progress: 60 done!
 -> Progress: 80 done!
 -> Progress: 100 done!
Testing...
 -> Progress: 20 done!
 -> Progress: 40 done!
 -> Progress: 60 done!
 -> Progress: 80 done!
 -> Progress: 100 done!

Keys:  ['time', 'acc1', 'acc5', 'loss', 'ce_loss', 'l1_loss', 'l2_loss']
Training:  [0.08300863812341715, 98.67766943734016, 100.0, 0.04335145724227514, 0.0432706482594123, 0.0, 0.08080892823160152]
Testing:  [0.028311898708343507, 92.34, 99.79, 0.27528179980814454, 0.275201273933053, 0.0, 0.08052407950162888]
Best Acc:  92.45

Epoch: [41 | 120] LR: 0.010000
Training...
 -> Progress: 20 done!
 -> Progress: 40 done!
 -> Progress: 60 done!
 -> Progress: 80 done!
 -> Progress: 100 done!
Testing...
 -> Progress: 20 done!
 -> Progress: 40 done!
 -> Progress: 60 done!
 -> Progress: 80 done!
 -> Progress: 100 done!

Keys:  ['time', 'acc1', 'acc5', 'loss', 'ce_loss', 'l1_loss', 'l2_loss']
Training:  [0.08299783611541514, 98.77157928388746, 99.99200767263427, 0.04207637271536586, 0.04199598471888953, 0.0, 0.08038792865889152]
Testing:  [0.028122959136962892, 92.31, 99.77, 0.2728714793175459, 0.2727911327034235, 0.0, 0.08034253120422363]
Best Acc:  92.45

Epoch: [42 | 120] LR: 0.010000
Training...
 -> Progress: 20 done!
 -> Progress: 40 done!
 -> Progress: 60 done!
 -> Progress: 80 done!
 -> Progress: 100 done!
Testing...
 -> Progress: 20 done!
 -> Progress: 40 done!
 -> Progress: 60 done!
 -> Progress: 80 done!
 -> Progress: 100 done!

Keys:  ['time', 'acc1', 'acc5', 'loss', 'ce_loss', 'l1_loss', 'l2_loss']
Training:  [0.08299061587399534, 98.71723145780051, 99.99600383631713, 0.042221579448227076, 0.04214145500412987, 0.0, 0.08012448607579521]
Testing:  [0.028204166889190675, 92.56, 99.76, 0.2741222197562456, 0.2740422531217337, 0.0, 0.07997283339500427]
Best Acc:  92.56

Epoch: [43 | 120] LR: 0.010000
Training...
 -> Progress: 20 done!
 -> Progress: 40 done!
 -> Progress: 60 done!
 -> Progress: 80 done!
 -> Progress: 100 done!
Testing...
 -> Progress: 20 done!
 -> Progress: 40 done!
 -> Progress: 60 done!
 -> Progress: 80 done!
 -> Progress: 100 done!

Keys:  ['time', 'acc1', 'acc5', 'loss', 'ce_loss', 'l1_loss', 'l2_loss']
Training:  [0.08302090722886497, 98.84390984654732, 99.99200767263427, 0.03896640130149587, 0.03888666393030483, 0.0, 0.07973742025816227]
Testing:  [0.028157553672790527, 92.36, 99.77, 0.27841030903160574, 0.27833069950342176, 0.0, 0.07961217314004898]
Best Acc:  92.56

Epoch: [44 | 120] LR: 0.010000
Training...
 -> Progress: 20 done!
 -> Progress: 40 done!
 -> Progress: 60 done!
 -> Progress: 80 done!
 -> Progress: 100 done!
Testing...
 -> Progress: 20 done!
 -> Progress: 40 done!
 -> Progress: 60 done!
 -> Progress: 80 done!
 -> Progress: 100 done!

Keys:  ['time', 'acc1', 'acc5', 'loss', 'ce_loss', 'l1_loss', 'l2_loss']
Training:  [0.08322548317482405, 98.91703964194373, 99.99600383631713, 0.0380635751075471, 0.03798410868572304, 0.0, 0.07946636003758902]
Testing:  [0.02839906930923462, 92.37, 99.74, 0.27751325361430645, 0.27743395648896696, 0.0, 0.07929211854934692]
Best Acc:  92.56

Epoch: [45 | 120] LR: 0.010000
Training...
 -> Progress: 20 done!
 -> Progress: 40 done!
 -> Progress: 60 done!
 -> Progress: 80 done!
 -> Progress: 100 done!
Testing...
 -> Progress: 20 done!
 -> Progress: 40 done!
 -> Progress: 60 done!
 -> Progress: 80 done!
 -> Progress: 100 done!

Keys:  ['time', 'acc1', 'acc5', 'loss', 'ce_loss', 'l1_loss', 'l2_loss']
Training:  [0.08311090871806034, 98.86548913043478, 99.99800191815856, 0.03771505759947974, 0.037635742865331334, 0.0, 0.07931470257394455]
Testing:  [0.028016159534454344, 92.28, 99.76, 0.283084516748786, 0.2830052484571934, 0.0, 0.07926388084888458]
Best Acc:  92.56

Epoch: [46 | 120] LR: 0.010000
Training...
 -> Progress: 20 done!
 -> Progress: 40 done!
 -> Progress: 60 done!
 -> Progress: 80 done!
 -> Progress: 100 done!
Testing...
 -> Progress: 20 done!
 -> Progress: 40 done!
 -> Progress: 60 done!
 -> Progress: 80 done!
 -> Progress: 100 done!

Keys:  ['time', 'acc1', 'acc5', 'loss', 'ce_loss', 'l1_loss', 'l2_loss']
Training:  [0.08321581960029309, 98.95979859335038, 99.99400575447571, 0.03659701186572881, 0.036517893852632675, 0.0, 0.07911800835138696]
Testing:  [0.028242154121398924, 92.35, 99.77, 0.2834408248215914, 0.2833619137108326, 0.0, 0.0789065957069397]
Best Acc:  92.56

Epoch: [47 | 120] LR: 0.010000
Training...
 -> Progress: 20 done!
 -> Progress: 40 done!
 -> Progress: 60 done!
 -> Progress: 80 done!
 -> Progress: 100 done!
Testing...
 -> Progress: 20 done!
 -> Progress: 40 done!
 -> Progress: 60 done!
 -> Progress: 80 done!
 -> Progress: 100 done!

Keys:  ['time', 'acc1', 'acc5', 'loss', 'ce_loss', 'l1_loss', 'l2_loss']
Training:  [0.08340984049355588, 99.03572570332481, 100.0, 0.032950341318021804, 0.03287138659840502, 0.0, 0.07895474175891608]
Testing:  [0.028149216175079345, 92.26, 99.79, 0.2902624787390232, 0.2901835619658232, 0.0, 0.07892261445522308]
Best Acc:  92.56

Epoch: [48 | 120] LR: 0.010000
Training...
 -> Progress: 20 done!
 -> Progress: 40 done!
 -> Progress: 60 done!
 -> Progress: 80 done!
 -> Progress: 100 done!
Testing...
 -> Progress: 20 done!
 -> Progress: 40 done!
 -> Progress: 60 done!
 -> Progress: 80 done!
 -> Progress: 100 done!

Keys:  ['time', 'acc1', 'acc5', 'loss', 'ce_loss', 'l1_loss', 'l2_loss']
Training:  [0.08293718938022623, 99.00495524296676, 99.99600383631713, 0.03395489324658366, 0.033876221020803655, 0.0, 0.07867223321629302]
Testing:  [0.028286144733428956, 92.42, 99.77, 0.28557288728654384, 0.28549438193440435, 0.0, 0.07850929349660873]
Best Acc:  92.56

Epoch: [49 | 120] LR: 0.010000
Training...
 -> Progress: 20 done!
 -> Progress: 40 done!
 -> Progress: 60 done!
 -> Progress: 80 done!
 -> Progress: 100 done!
Testing...
 -> Progress: 20 done!
 -> Progress: 40 done!
 -> Progress: 60 done!
 -> Progress: 80 done!
 -> Progress: 100 done!

Keys:  ['time', 'acc1', 'acc5', 'loss', 'ce_loss', 'l1_loss', 'l2_loss']
Training:  [0.08313363836244549, 99.01694373401534, 100.0, 0.0332746108329338, 0.03319606588929511, 0.0, 0.0785449468494986]
Testing:  [0.02837749719619751, 92.62, 99.77, 0.285132110491395, 0.28505373664200306, 0.0, 0.07836578786373138]
Best Acc:  92.62

Epoch: [50 | 120] LR: 0.010000
Training...
 -> Progress: 20 done!
 -> Progress: 40 done!
 -> Progress: 60 done!
 -> Progress: 80 done!
 -> Progress: 100 done!
Testing...
 -> Progress: 20 done!
 -> Progress: 40 done!
 -> Progress: 60 done!
 -> Progress: 80 done!
 -> Progress: 100 done!

Keys:  ['time', 'acc1', 'acc5', 'loss', 'ce_loss', 'l1_loss', 'l2_loss']
Training:  [0.0831508935260041, 99.0744884910486, 99.99600383631713, 0.031987839468928705, 0.03190952526105335, 0.0, 0.07831428060903574]
Testing:  [0.028116705417633055, 92.52, 99.78, 0.28753692261874675, 0.28745859645307065, 0.0, 0.07833237946033478]
Best Acc:  92.62

Epoch: [51 | 120] LR: 0.010000
Training...
 -> Progress: 20 done!
 -> Progress: 40 done!
 -> Progress: 60 done!
 -> Progress: 80 done!
 -> Progress: 100 done!
Testing...
 -> Progress: 20 done!
 -> Progress: 40 done!
 -> Progress: 60 done!
 -> Progress: 80 done!
 -> Progress: 100 done!

Keys:  ['time', 'acc1', 'acc5', 'loss', 'ce_loss', 'l1_loss', 'l2_loss']
Training:  [0.08307510873545772, 99.15281329923273, 99.99600383631713, 0.030991925031442165, 0.030913748294877273, 0.0, 0.07817675060856982]
Testing:  [0.02814918041229248, 92.44, 99.79, 0.2923875602334738, 0.2923094728589058, 0.0, 0.07809169590473175]
Best Acc:  92.62

Epoch: [52 | 120] LR: 0.010000
Training...
 -> Progress: 20 done!
 -> Progress: 40 done!
 -> Progress: 60 done!
 -> Progress: 80 done!
 -> Progress: 100 done!
Testing...
 -> Progress: 20 done!
 -> Progress: 40 done!
 -> Progress: 60 done!
 -> Progress: 80 done!
 -> Progress: 100 done!

Keys:  ['time', 'acc1', 'acc5', 'loss', 'ce_loss', 'l1_loss', 'l2_loss']
Training:  [0.0830575450302085, 99.07768542199489, 100.0, 0.032310503999443005, 0.03223259242065727, 0.0, 0.07791157379327222]
Testing:  [0.02806483507156372, 92.42, 99.79, 0.2894135817140341, 0.2893358943611383, 0.0, 0.07768556475639343]
Best Acc:  92.62

Epoch: [53 | 120] LR: 0.010000
Training...
 -> Progress: 20 done!
 -> Progress: 40 done!
 -> Progress: 60 done!
 -> Progress: 80 done!
 -> Progress: 100 done!
Testing...
 -> Progress: 20 done!
 -> Progress: 40 done!
 -> Progress: 60 done!
 -> Progress: 80 done!
 -> Progress: 100 done!

Keys:  ['time', 'acc1', 'acc5', 'loss', 'ce_loss', 'l1_loss', 'l2_loss']
Training:  [0.08308997910345911, 99.18358375959079, 99.99600383631713, 0.02987978964820123, 0.02980209241533066, 0.0, 0.07769722586778728]
Testing:  [0.02830312490463257, 92.42, 99.77, 0.29179007597267625, 0.29171247109770776, 0.0, 0.07759904116392136]
Best Acc:  92.62

Epoch: [54 | 120] LR: 0.010000
Training...
 -> Progress: 20 done!
 -> Progress: 40 done!
 -> Progress: 60 done!
 -> Progress: 80 done!
 -> Progress: 100 done!
Testing...
 -> Progress: 20 done!
 -> Progress: 40 done!
 -> Progress: 60 done!
 -> Progress: 80 done!
 -> Progress: 100 done!

Keys:  ['time', 'acc1', 'acc5', 'loss', 'ce_loss', 'l1_loss', 'l2_loss']
Training:  [0.0830549120598132, 99.14362212276215, 100.0, 0.029492007682809743, 0.02941441510701576, 0.0, 0.07759256721914881]
Testing:  [0.028350684642791748, 92.29, 99.76, 0.2914997008442879, 0.291422453224659, 0.0, 0.07725018262863159]
Best Acc:  92.62

Epoch: [55 | 120] LR: 0.010000
Training...
 -> Progress: 20 done!
 -> Progress: 40 done!
 -> Progress: 60 done!
 -> Progress: 80 done!
 -> Progress: 100 done!
Testing...
 -> Progress: 20 done!
 -> Progress: 40 done!
 -> Progress: 60 done!
 -> Progress: 80 done!
 -> Progress: 100 done!

Keys:  ['time', 'acc1', 'acc5', 'loss', 'ce_loss', 'l1_loss', 'l2_loss']
Training:  [0.08308123627587048, 99.17359335038363, 100.0, 0.02899158806682986, 0.028914319761002154, 0.0, 0.0772683342247058]
Testing:  [0.02813636064529419, 92.35, 99.8, 0.29359637275338174, 0.2935191191732883, 0.0, 0.07726168632507324]
Best Acc:  92.62

Epoch: [56 | 120] LR: 0.010000
Training...
 -> Progress: 20 done!
 -> Progress: 40 done!
 -> Progress: 60 done!
 -> Progress: 80 done!
 -> Progress: 100 done!
Testing...
 -> Progress: 20 done!
 -> Progress: 40 done!
 -> Progress: 60 done!
 -> Progress: 80 done!
 -> Progress: 100 done!

Keys:  ['time', 'acc1', 'acc5', 'loss', 'ce_loss', 'l1_loss', 'l2_loss']
Training:  [0.08322985153978743, 99.21275575447571, 99.99800191815856, 0.02761367139527979, 0.027536412617644234, 0.0, 0.07725871074230165]
Testing:  [0.028330836296081543, 92.48, 99.81, 0.29706951797008513, 0.2969922108203173, 0.0, 0.07730322331190109]
Best Acc:  92.62

Epoch: [57 | 120] LR: 0.010000
Training...
 -> Progress: 20 done!
 -> Progress: 40 done!
 -> Progress: 60 done!
 -> Progress: 80 done!
 -> Progress: 100 done!
Testing...
 -> Progress: 20 done!
 -> Progress: 40 done!
 -> Progress: 60 done!
 -> Progress: 80 done!
 -> Progress: 100 done!

Keys:  ['time', 'acc1', 'acc5', 'loss', 'ce_loss', 'l1_loss', 'l2_loss']
Training:  [0.08310832818755713, 99.16080562659846, 99.99800191815856, 0.028054001312964903, 0.027976748312030304, 0.0, 0.07725305769525831]
Testing:  [0.028136584758758545, 92.45, 99.74, 0.2955436202138662, 0.29546649746596815, 0.0, 0.07711636275053024]
Best Acc:  92.62

Epoch: [58 | 120] LR: 0.010000
Training...
 -> Progress: 20 done!
 -> Progress: 40 done!
 -> Progress: 60 done!
 -> Progress: 80 done!
 -> Progress: 100 done!
Testing...
 -> Progress: 20 done!
 -> Progress: 40 done!
 -> Progress: 60 done!
 -> Progress: 80 done!
 -> Progress: 100 done!

Keys:  ['time', 'acc1', 'acc5', 'loss', 'ce_loss', 'l1_loss', 'l2_loss']
Training:  [0.08318857646659207, 99.13762787723785, 100.0, 0.02887343462971051, 0.028796483926913318, 0.0, 0.07695069714732793]
Testing:  [0.028168051242828368, 92.39, 99.79, 0.29665472187101843, 0.2965778315812349, 0.0, 0.07689417153596878]
Best Acc:  92.62

Epoch: [59 | 120] LR: 0.010000
Training...
 -> Progress: 20 done!
 -> Progress: 40 done!
 -> Progress: 60 done!
 -> Progress: 80 done!
 -> Progress: 100 done!
Testing...
 -> Progress: 20 done!
 -> Progress: 40 done!
 -> Progress: 60 done!
 -> Progress: 80 done!
 -> Progress: 100 done!

Keys:  ['time', 'acc1', 'acc5', 'loss', 'ce_loss', 'l1_loss', 'l2_loss']
Training:  [0.08326019289548439, 99.16520140664962, 99.99800191815856, 0.02783581608182291, 0.02775916555786834, 0.0, 0.07665055250877614]
Testing:  [0.02831812858581543, 92.51, 99.73, 0.30134360373020175, 0.3012672448158264, 0.0, 0.07636458426713943]
Best Acc:  92.62

Epoch: [60 | 120] LR: 0.010000
Training...
 -> Progress: 20 done!
 -> Progress: 40 done!
 -> Progress: 60 done!
 -> Progress: 80 done!
 -> Progress: 100 done!
Testing...
 -> Progress: 20 done!
 -> Progress: 40 done!
 -> Progress: 60 done!
 -> Progress: 80 done!
 -> Progress: 100 done!

Keys:  ['time', 'acc1', 'acc5', 'loss', 'ce_loss', 'l1_loss', 'l2_loss']
Training:  [0.08322033247984278, 99.23153772378517, 99.99800191815856, 0.027027384625733508, 0.026951013285371347, 0.0, 0.07637135333874646]
Testing:  [0.028520686626434325, 92.43, 99.77, 0.3033385884016752, 0.30326217524707316, 0.0, 0.07641106843948364]
Best Acc:  92.62

Epoch: [61 | 120] LR: 0.001000
Training...
 -> Progress: 20 done!
 -> Progress: 40 done!
 -> Progress: 60 done!
 -> Progress: 80 done!
 -> Progress: 100 done!
Testing...
 -> Progress: 20 done!
 -> Progress: 40 done!
 -> Progress: 60 done!
 -> Progress: 80 done!
 -> Progress: 100 done!

Keys:  ['time', 'acc1', 'acc5', 'loss', 'ce_loss', 'l1_loss', 'l2_loss']
Training:  [0.083083540582291, 99.17439258312021, 100.0, 0.027183238006032565, 0.02710688065575517, 0.0, 0.07635733146039421]
Testing:  [0.02819474220275879, 92.54, 99.76, 0.3027887646853924, 0.3027124162018299, 0.0, 0.07634149491786957]
Best Acc:  92.62

Epoch: [62 | 120] LR: 0.010000
Training...
 -> Progress: 20 done!
 -> Progress: 40 done!
 -> Progress: 60 done!
 -> Progress: 80 done!
 -> Progress: 100 done!
Testing...
 -> Progress: 20 done!
 -> Progress: 40 done!
 -> Progress: 60 done!
 -> Progress: 80 done!
 -> Progress: 100 done!

Keys:  ['time', 'acc1', 'acc5', 'loss', 'ce_loss', 'l1_loss', 'l2_loss']
Training:  [0.08316800112614546, 99.23273657289002, 100.0, 0.026423763500436036, 0.026347629873610823, 0.0, 0.07613369898722909]
Testing:  [0.028286988735198974, 92.55, 99.74, 0.3066021098941565, 0.30652616895735263, 0.0, 0.07595063000917435]
Best Acc:  92.62

Epoch: [63 | 120] LR: 0.010000
Training...
 -> Progress: 20 done!
 -> Progress: 40 done!
 -> Progress: 60 done!
 -> Progress: 80 done!
 -> Progress: 100 done!
Testing...
 -> Progress: 20 done!
 -> Progress: 40 done!
 -> Progress: 60 done!
 -> Progress: 80 done!
 -> Progress: 100 done!

Keys:  ['time', 'acc1', 'acc5', 'loss', 'ce_loss', 'l1_loss', 'l2_loss']
Training:  [0.08315744363438443, 99.34063299232737, 100.0, 0.024680641236836495, 0.024604854282334714, 0.0, 0.07578697068916868]
Testing:  [0.02802673578262329, 92.28, 99.76, 0.30606029376387595, 0.305984719991684, 0.0, 0.07556681334972382]
Best Acc:  92.62

Epoch: [64 | 120] LR: 0.010000
Training...
 -> Progress: 20 done!
 -> Progress: 40 done!
 -> Progress: 60 done!
 -> Progress: 80 done!
 -> Progress: 100 done!
Testing...
 -> Progress: 20 done!
 -> Progress: 40 done!
 -> Progress: 60 done!
 -> Progress: 80 done!
 -> Progress: 100 done!

Keys:  ['time', 'acc1', 'acc5', 'loss', 'ce_loss', 'l1_loss', 'l2_loss']
Training:  [0.08310027134692882, 99.31945332480818, 99.99800191815856, 0.02435909492282859, 0.024283602152524703, 0.0, 0.07549279810065199]
Testing:  [0.028416159152984618, 92.37, 99.72, 0.3089614962041378, 0.3088859224319458, 0.0, 0.07556645572185516]
Best Acc:  92.62

Epoch: [65 | 120] LR: 0.010000
Training...
 -> Progress: 20 done!
 -> Progress: 40 done!
 -> Progress: 60 done!
 -> Progress: 80 done!
 -> Progress: 100 done!
Testing...
 -> Progress: 20 done!
 -> Progress: 40 done!
 -> Progress: 60 done!
 -> Progress: 80 done!
 -> Progress: 100 done!

Keys:  ['time', 'acc1', 'acc5', 'loss', 'ce_loss', 'l1_loss', 'l2_loss']
Training:  [0.0830636756194522, 99.27429667519182, 100.0, 0.024515233284858107, 0.02443966094661704, 0.0, 0.07557226086745177]
Testing:  [0.028347599506378173, 92.35, 99.71, 0.3082857009023428, 0.30821006260812284, 0.0, 0.07564149796962738]
Best Acc:  92.62

Epoch: [66 | 120] LR: 0.010000
Training...
 -> Progress: 20 done!
 -> Progress: 40 done!
 -> Progress: 60 done!
 -> Progress: 80 done!
 -> Progress: 100 done!
Testing...
 -> Progress: 20 done!
 -> Progress: 40 done!
 -> Progress: 60 done!
 -> Progress: 80 done!
 -> Progress: 100 done!

Keys:  ['time', 'acc1', 'acc5', 'loss', 'ce_loss', 'l1_loss', 'l2_loss']
Training:  [0.08313621889294871, 99.32344948849105, 100.0, 0.02495997452327167, 0.02488444993734512, 0.0, 0.0755246379758086]
Testing:  [0.028183155059814453, 92.42, 99.8, 0.30678139850497244, 0.30670596696436403, 0.0, 0.07543626427650452]
Best Acc:  92.62

Epoch: [67 | 120] LR: 0.010000
Training...
 -> Progress: 20 done!
 -> Progress: 40 done!
 -> Progress: 60 done!
 -> Progress: 80 done!
 -> Progress: 100 done!
Testing...
 -> Progress: 20 done!
 -> Progress: 40 done!
 -> Progress: 60 done!
 -> Progress: 80 done!
 -> Progress: 100 done!

Keys:  ['time', 'acc1', 'acc5', 'loss', 'ce_loss', 'l1_loss', 'l2_loss']
Training:  [0.08314646662348676, 99.35262148337596, 100.0, 0.02404884528428259, 0.023973658714262422, 0.0, 0.07518654648224106]
Testing:  [0.028194174766540528, 92.5, 99.77, 0.3032705195248127, 0.30319547168910504, 0.0, 0.07505198568105698]
Best Acc:  92.62

Epoch: [68 | 120] LR: 0.010000
Training...
 -> Progress: 20 done!
 -> Progress: 40 done!
 -> Progress: 60 done!
 -> Progress: 80 done!
 -> Progress: 100 done!
Testing...
 -> Progress: 20 done!
 -> Progress: 40 done!
 -> Progress: 60 done!
 -> Progress: 80 done!
 -> Progress: 100 done!

Keys:  ['time', 'acc1', 'acc5', 'loss', 'ce_loss', 'l1_loss', 'l2_loss']
Training:  [0.08313083221845309, 99.36460997442455, 99.99800191815856, 0.022945603931589467, 0.02287081523281534, 0.0, 0.07478875026602269]
Testing:  [0.028497648239135743, 92.37, 99.77, 0.30130442246794703, 0.3012297973781824, 0.0, 0.07463055104017258]
Best Acc:  92.62

Epoch: [69 | 120] LR: 0.010000
Training...
 -> Progress: 20 done!
 -> Progress: 40 done!
 -> Progress: 60 done!
 -> Progress: 80 done!
 -> Progress: 100 done!
Testing...
 -> Progress: 20 done!
 -> Progress: 40 done!
 -> Progress: 60 done!
 -> Progress: 80 done!
 -> Progress: 100 done!

Keys:  ['time', 'acc1', 'acc5', 'loss', 'ce_loss', 'l1_loss', 'l2_loss']
Training:  [0.08313823660926135, 99.31745524296676, 99.99800191815856, 0.02456306603610935, 0.024488393665122253, 0.0, 0.07467240990732638]
Testing:  [0.0282375431060791, 92.45, 99.74, 0.3060665422677994, 0.3059920039027929, 0.0, 0.07454300671815872]
Best Acc:  92.62

Epoch: [70 | 120] LR: 0.010000
Training...
 -> Progress: 20 done!
 -> Progress: 40 done!
 -> Progress: 60 done!
 -> Progress: 80 done!
 -> Progress: 100 done!
Testing...
 -> Progress: 20 done!
 -> Progress: 40 done!
 -> Progress: 60 done!
 -> Progress: 80 done!
 -> Progress: 100 done!

Keys:  ['time', 'acc1', 'acc5', 'loss', 'ce_loss', 'l1_loss', 'l2_loss']
Training:  [0.0829511591235695, 99.32265025575448, 100.0, 0.023039280770398924, 0.02296479283581914, 0.0, 0.07448792108870528]
Testing:  [0.02825404644012451, 92.64, 99.72, 0.3074378614127636, 0.30736335553228855, 0.0, 0.07451065629720688]
Best Acc:  92.64

Epoch: [71 | 120] LR: 0.010000
Training...
 -> Progress: 20 done!
 -> Progress: 40 done!
 -> Progress: 60 done!
 -> Progress: 80 done!
 -> Progress: 100 done!
Testing...
 -> Progress: 20 done!
 -> Progress: 40 done!
 -> Progress: 60 done!
 -> Progress: 80 done!
 -> Progress: 100 done!

Keys:  ['time', 'acc1', 'acc5', 'loss', 'ce_loss', 'l1_loss', 'l2_loss']
Training:  [0.08325692576825466, 99.4105658567775, 99.99800191815856, 0.02131525665471602, 0.021240740573829246, 0.0, 0.07451605509080546]
Testing:  [0.028166816234588624, 92.71, 99.78, 0.30412713780999184, 0.30405247658491136, 0.0, 0.07466281205415726]
Best Acc:  92.71

Epoch: [72 | 120] LR: 0.010000
Training...
 -> Progress: 20 done!
 -> Progress: 40 done!
 -> Progress: 60 done!
 -> Progress: 80 done!
 -> Progress: 100 done!
Testing...
 -> Progress: 20 done!
 -> Progress: 40 done!
 -> Progress: 60 done!
 -> Progress: 80 done!
 -> Progress: 100 done!

Keys:  ['time', 'acc1', 'acc5', 'loss', 'ce_loss', 'l1_loss', 'l2_loss']
Training:  [0.08321441104040121, 99.38339194373401, 99.99800191815856, 0.02294864631948702, 0.022874067925736118, 0.0, 0.07457837222329795]
Testing:  [0.02807615041732788, 92.37, 99.71, 0.31132879950106146, 0.3112545371055603, 0.0, 0.07425881177186966]
Best Acc:  92.71

Epoch: [73 | 120] LR: 0.010000
Training...
 -> Progress: 20 done!
 -> Progress: 40 done!
 -> Progress: 60 done!
 -> Progress: 80 done!
 -> Progress: 100 done!
Testing...
 -> Progress: 20 done!
 -> Progress: 40 done!
 -> Progress: 60 done!
 -> Progress: 80 done!
 -> Progress: 100 done!

Keys:  ['time', 'acc1', 'acc5', 'loss', 'ce_loss', 'l1_loss', 'l2_loss']
Training:  [0.08326350636494434, 99.38059462915601, 99.99600383631713, 0.02252040830586115, 0.02244603300176542, 0.0, 0.07437524870228585]
Testing:  [0.028174428939819335, 92.46, 99.73, 0.31271460361778736, 0.3126401624083519, 0.0, 0.0744377076625824]
Best Acc:  92.71

Epoch: [74 | 120] LR: 0.010000
Training...
 -> Progress: 20 done!
 -> Progress: 40 done!
 -> Progress: 60 done!
 -> Progress: 80 done!
 -> Progress: 100 done!
Testing...
 -> Progress: 20 done!
 -> Progress: 40 done!
 -> Progress: 60 done!
 -> Progress: 80 done!
 -> Progress: 100 done!

Keys:  ['time', 'acc1', 'acc5', 'loss', 'ce_loss', 'l1_loss', 'l2_loss']
Training:  [0.08318817828927198, 99.40057544757033, 99.99800191815856, 0.02088233264808631, 0.020808173467397995, 0.0, 0.07415919064941918]
Testing:  [0.028488786220550538, 92.38, 99.7, 0.31852375112473963, 0.31844983689486983, 0.0, 0.07392077147960663]
Best Acc:  92.71

Epoch: [75 | 120] LR: 0.010000
Training...
 -> Progress: 20 done!
 -> Progress: 40 done!
 -> Progress: 60 done!
 -> Progress: 80 done!
 -> Progress: 100 done!
Testing...
 -> Progress: 20 done!
 -> Progress: 40 done!
 -> Progress: 60 done!
 -> Progress: 80 done!
 -> Progress: 100 done!

Keys:  ['time', 'acc1', 'acc5', 'loss', 'ce_loss', 'l1_loss', 'l2_loss']
Training:  [0.0831720024118643, 99.43654092071611, 99.99800191815856, 0.02071511755367536, 0.020641304600193068, 0.0, 0.07381296359821964]
Testing:  [0.02819912672042847, 92.49, 99.77, 0.3149452304840088, 0.3148714679479599, 0.0, 0.07376769185066223]
Best Acc:  92.71

Epoch: [76 | 120] LR: 0.010000
Training...
 -> Progress: 20 done!
 -> Progress: 40 done!
 -> Progress: 60 done!
 -> Progress: 80 done!
 -> Progress: 100 done!
Testing...
 -> Progress: 20 done!
 -> Progress: 40 done!
 -> Progress: 60 done!
 -> Progress: 80 done!
 -> Progress: 100 done!

Keys:  ['time', 'acc1', 'acc5', 'loss', 'ce_loss', 'l1_loss', 'l2_loss']
Training:  [0.08316789075846562, 99.42135549872123, 100.0, 0.021016244263247684, 0.02094259265038516, 0.0, 0.07365160605029376]
Testing:  [0.028164334297180176, 92.47, 99.75, 0.31139266535639765, 0.3113190846145153, 0.0, 0.07357873767614365]
Best Acc:  92.71

Epoch: [77 | 120] LR: 0.010000
Training...
 -> Progress: 20 done!
 -> Progress: 40 done!
 -> Progress: 60 done!
 -> Progress: 80 done!
 -> Progress: 100 done!
Testing...
 -> Progress: 20 done!
 -> Progress: 40 done!
 -> Progress: 60 done!
 -> Progress: 80 done!
 -> Progress: 100 done!

Keys:  ['time', 'acc1', 'acc5', 'loss', 'ce_loss', 'l1_loss', 'l2_loss']
Training:  [0.08318578739605291, 99.44453324808184, 99.99400575447571, 0.020632292667422874, 0.020558791378003254, 0.0, 0.07350130430649003]
Testing:  [0.028170599937438964, 92.48, 99.8, 0.3209128621220589, 0.32083940126001836, 0.0, 0.07345737516880035]
Best Acc:  92.71

Epoch: [78 | 120] LR: 0.010000
Training...
 -> Progress: 20 done!
 -> Progress: 40 done!
 -> Progress: 60 done!
 -> Progress: 80 done!
 -> Progress: 100 done!
Testing...
 -> Progress: 20 done!
 -> Progress: 40 done!
 -> Progress: 60 done!
 -> Progress: 80 done!
 -> Progress: 100 done!

Keys:  ['time', 'acc1', 'acc5', 'loss', 'ce_loss', 'l1_loss', 'l2_loss']
Training:  [0.08309174010820707, 99.40337276214834, 100.0, 0.02145093540206094, 0.021377550552377615, 0.0, 0.07338483841217996]
Testing:  [0.02820251703262329, 92.42, 99.74, 0.3183569444715977, 0.31828348025679587, 0.0, 0.07346682250499725]
Best Acc:  92.71

Epoch: [79 | 120] LR: 0.010000
Training...
 -> Progress: 20 done!
 -> Progress: 40 done!
 -> Progress: 60 done!
 -> Progress: 80 done!
 -> Progress: 100 done!
Testing...
 -> Progress: 20 done!
 -> Progress: 40 done!
 -> Progress: 60 done!
 -> Progress: 80 done!
 -> Progress: 100 done!

Keys:  ['time', 'acc1', 'acc5', 'loss', 'ce_loss', 'l1_loss', 'l2_loss']
Training:  [0.08317380061234965, 99.41656010230179, 100.0, 0.020358543804325068, 0.02028514563922992, 0.0, 0.07339813855602918]
Testing:  [0.028242368698120118, 92.4, 99.66, 0.31758864626288413, 0.3175152729451656, 0.0, 0.07337450236082077]
Best Acc:  92.71

Epoch: [80 | 120] LR: 0.010000
Training...
 -> Progress: 20 done!
 -> Progress: 40 done!
 -> Progress: 60 done!
 -> Progress: 80 done!
 -> Progress: 100 done!
Testing...
 -> Progress: 20 done!
 -> Progress: 40 done!
 -> Progress: 60 done!
 -> Progress: 80 done!
 -> Progress: 100 done!

Keys:  ['time', 'acc1', 'acc5', 'loss', 'ce_loss', 'l1_loss', 'l2_loss']
Training:  [0.08321410676707393, 99.42854859335038, 100.0, 0.02047639959813346, 0.020403137804506838, 0.0, 0.07326177381874656]
Testing:  [0.02838831901550293, 92.47, 99.78, 0.31714638859033584, 0.31707328535616397, 0.0, 0.07309960573911667]
Best Acc:  92.71

Epoch: [81 | 120] LR: 0.010000
Training...
 -> Progress: 20 done!
 -> Progress: 40 done!
 -> Progress: 60 done!
 -> Progress: 80 done!
 -> Progress: 100 done!
Testing...
 -> Progress: 20 done!
 -> Progress: 40 done!
 -> Progress: 60 done!
 -> Progress: 80 done!
 -> Progress: 100 done!

Keys:  ['time', 'acc1', 'acc5', 'loss', 'ce_loss', 'l1_loss', 'l2_loss']
Training:  [0.08313993480809205, 99.45132672634271, 99.99800191815856, 0.019709841752558223, 0.019636745748045803, 0.0, 0.0730960444568673]
Testing:  [0.02813786506652832, 92.36, 99.71, 0.31438887767493723, 0.3143157667666674, 0.0, 0.0731157511472702]
Best Acc:  92.71

Epoch: [82 | 120] LR: 0.010000
Training...
 -> Progress: 20 done!
 -> Progress: 40 done!
 -> Progress: 60 done!
 -> Progress: 80 done!
 -> Progress: 100 done!
Testing...
 -> Progress: 20 done!
 -> Progress: 40 done!
 -> Progress: 60 done!
 -> Progress: 80 done!
 -> Progress: 100 done!

Keys:  ['time', 'acc1', 'acc5', 'loss', 'ce_loss', 'l1_loss', 'l2_loss']
Training:  [0.08324589509793255, 99.49928069053709, 100.0, 0.019102621827717593, 0.019029567785122815, 0.0, 0.07305408349198758]
Testing:  [0.028313958644866945, 92.43, 99.72, 0.3198860587924719, 0.3198133040219545, 0.0, 0.072759710252285]
Best Acc:  92.71

Epoch: [83 | 120] LR: 0.010000
Training...
 -> Progress: 20 done!
 -> Progress: 40 done!
 -> Progress: 60 done!
 -> Progress: 80 done!
 -> Progress: 100 done!
Testing...
 -> Progress: 20 done!
 -> Progress: 40 done!
 -> Progress: 60 done!
 -> Progress: 80 done!
 -> Progress: 100 done!

Keys:  ['time', 'acc1', 'acc5', 'loss', 'ce_loss', 'l1_loss', 'l2_loss']
Training:  [0.0830515077351914, 99.46251598465473, 100.0, 0.020227391444875495, 0.020154693633165507, 0.0, 0.07269781765044497]
Testing:  [0.028274617195129394, 92.55, 99.74, 0.3162330101430416, 0.3161604391038418, 0.0, 0.07257364690303802]
Best Acc:  92.71

Epoch: [84 | 120] LR: 0.010000
Training...
 -> Progress: 20 done!
 -> Progress: 40 done!
 -> Progress: 60 done!
 -> Progress: 80 done!
 -> Progress: 100 done!
Testing...
 -> Progress: 20 done!
 -> Progress: 40 done!
 -> Progress: 60 done!
 -> Progress: 80 done!
 -> Progress: 100 done!

Keys:  ['time', 'acc1', 'acc5', 'loss', 'ce_loss', 'l1_loss', 'l2_loss']
Training:  [0.08302002550695864, 99.45851982097187, 99.99800191815856, 0.019811507379945817, 0.01973897037203507, 0.0, 0.07253696119693843]
Testing:  [0.028277297019958497, 92.35, 99.68, 0.3200693019479513, 0.31999691024422644, 0.0, 0.07239703834056854]
Best Acc:  92.71

Epoch: [85 | 120] LR: 0.010000
Training...
 -> Progress: 20 done!
 -> Progress: 40 done!
 -> Progress: 60 done!
 -> Progress: 80 done!
 -> Progress: 100 done!
Testing...
 -> Progress: 20 done!
 -> Progress: 40 done!
 -> Progress: 60 done!
 -> Progress: 80 done!
 -> Progress: 100 done!

Keys:  ['time', 'acc1', 'acc5', 'loss', 'ce_loss', 'l1_loss', 'l2_loss']
Training:  [0.08299118844444489, 99.40337276214834, 99.99800191815856, 0.02056333855749644, 0.02049073422103739, 0.0, 0.07260435958728766]
Testing:  [0.02844847917556763, 92.3, 99.72, 0.3207038129866123, 0.32063091643154623, 0.0, 0.07290207594633102]
Best Acc:  92.71

Epoch: [86 | 120] LR: 0.010000
Training...
 -> Progress: 20 done!
 -> Progress: 40 done!
 -> Progress: 60 done!
 -> Progress: 80 done!
 -> Progress: 100 done!
Testing...
 -> Progress: 20 done!
 -> Progress: 40 done!
 -> Progress: 60 done!
 -> Progress: 80 done!
 -> Progress: 100 done!

Keys:  ['time', 'acc1', 'acc5', 'loss', 'ce_loss', 'l1_loss', 'l2_loss']
Training:  [0.08307099830159141, 99.40936700767263, 99.99800191815856, 0.02043058752091816, 0.020357620302120894, 0.0, 0.0729672078738737]
Testing:  [0.028514809608459472, 92.32, 99.74, 0.3290204845368862, 0.3289475879073143, 0.0, 0.07290105521678925]
Best Acc:  92.71

Epoch: [87 | 120] LR: 0.010000
Training...
 -> Progress: 20 done!
 -> Progress: 40 done!
 -> Progress: 60 done!
 -> Progress: 80 done!
 -> Progress: 100 done!
Testing...
 -> Progress: 20 done!
 -> Progress: 40 done!
 -> Progress: 60 done!
 -> Progress: 80 done!
 -> Progress: 100 done!

Keys:  ['time', 'acc1', 'acc5', 'loss', 'ce_loss', 'l1_loss', 'l2_loss']
Training:  [0.0829920908984016, 99.43454283887468, 100.0, 0.020022733952811993, 0.019949884947074954, 0.0, 0.07284901510266696]
Testing:  [0.028503856658935546, 92.41, 99.65, 0.32390670031309127, 0.32383386343717574, 0.0, 0.07284022122621536]
Best Acc:  92.71

Epoch: [88 | 120] LR: 0.010000
Training...
 -> Progress: 20 done!
 -> Progress: 40 done!
 -> Progress: 60 done!
 -> Progress: 80 done!
 -> Progress: 100 done!
Testing...
 -> Progress: 20 done!
 -> Progress: 40 done!
 -> Progress: 60 done!
 -> Progress: 80 done!
 -> Progress: 100 done!

Keys:  ['time', 'acc1', 'acc5', 'loss', 'ce_loss', 'l1_loss', 'l2_loss']
Training:  [0.08295467808423444, 99.49248721227622, 100.0, 0.019106829407341454, 0.01903402548083259, 0.0, 0.07280390019840596]
Testing:  [0.028290889263153075, 92.43, 99.72, 0.32976713582873346, 0.32969444200396536, 0.0, 0.07270199060440063]
Best Acc:  92.71

Epoch: [89 | 120] LR: 0.010000
Training...
 -> Progress: 20 done!
 -> Progress: 40 done!
 -> Progress: 60 done!
 -> Progress: 80 done!
 -> Progress: 100 done!
Testing...
 -> Progress: 20 done!
 -> Progress: 40 done!
 -> Progress: 60 done!
 -> Progress: 80 done!
 -> Progress: 100 done!

Keys:  ['time', 'acc1', 'acc5', 'loss', 'ce_loss', 'l1_loss', 'l2_loss']
Training:  [0.08308286130275873, 99.52046035805627, 99.99600383631713, 0.017934579505225468, 0.01786199016282168, 0.0, 0.07258930756612812]
Testing:  [0.02855613946914673, 92.62, 99.7, 0.32495770722627637, 0.32488513574004174, 0.0, 0.07257283478975296]
Best Acc:  92.71

Epoch: [90 | 120] LR: 0.010000
Training...
 -> Progress: 20 done!
 -> Progress: 40 done!
 -> Progress: 60 done!
 -> Progress: 80 done!
 -> Progress: 100 done!
Testing...
 -> Progress: 20 done!
 -> Progress: 40 done!
 -> Progress: 60 done!
 -> Progress: 80 done!
 -> Progress: 100 done!

Keys:  ['time', 'acc1', 'acc5', 'loss', 'ce_loss', 'l1_loss', 'l2_loss']
Training:  [0.08316598462936518, 99.55322890025576, 99.99800191815856, 0.017329225737644394, 0.01725675299992342, 0.0, 0.072472688410898]
Testing:  [0.028383393287658692, 92.49, 99.69, 0.33238013319671156, 0.3323075943440199, 0.0, 0.07253987342119217]
Best Acc:  92.71

Epoch: [91 | 120] LR: 0.001000
Training...
 -> Progress: 20 done!
 -> Progress: 40 done!
 -> Progress: 60 done!
 -> Progress: 80 done!
 -> Progress: 100 done!
Testing...
 -> Progress: 20 done!
 -> Progress: 40 done!
 -> Progress: 60 done!
 -> Progress: 80 done!
 -> Progress: 100 done!

Keys:  ['time', 'acc1', 'acc5', 'loss', 'ce_loss', 'l1_loss', 'l2_loss']
Training:  [0.08303198363165111, 99.55322890025576, 100.0, 0.01809307055302498, 0.018020503222942352, 0.0, 0.0725673435403563]
Testing:  [0.028210756778717042, 92.46, 99.69, 0.3235389809310436, 0.3234663461148739, 0.0, 0.07264156639575958]
Best Acc:  92.71

Epoch: [92 | 120] LR: 0.010000
Training...
 -> Progress: 20 done!
 -> Progress: 40 done!
 -> Progress: 60 done!
 -> Progress: 80 done!
 -> Progress: 100 done!
Testing...
 -> Progress: 20 done!
 -> Progress: 40 done!
 -> Progress: 60 done!
 -> Progress: 80 done!
 -> Progress: 100 done!

Keys:  ['time', 'acc1', 'acc5', 'loss', 'ce_loss', 'l1_loss', 'l2_loss']
Training:  [0.08312784314460461, 99.46531329923273, 99.99800191815856, 0.018961904395092995, 0.018889297643090452, 0.0, 0.0726067691736514]
Testing:  [0.02836585760116577, 92.32, 99.69, 0.326806211322546, 0.32673361293971537, 0.0, 0.0725911557674408]
Best Acc:  92.71

Epoch: [93 | 120] LR: 0.010000
Training...
 -> Progress: 20 done!
 -> Progress: 40 done!
 -> Progress: 60 done!
 -> Progress: 80 done!
 -> Progress: 100 done!
Testing...
 -> Progress: 20 done!
 -> Progress: 40 done!
 -> Progress: 60 done!
 -> Progress: 80 done!
 -> Progress: 100 done!

Keys:  ['time', 'acc1', 'acc5', 'loss', 'ce_loss', 'l1_loss', 'l2_loss']
Training:  [0.08297369547207337, 99.49328644501279, 100.0, 0.018229007554214322, 0.018156645014462874, 0.0, 0.07236251130204677]
Testing:  [0.02840131998062134, 92.57, 99.67, 0.32711312085390093, 0.32704085379838943, 0.0, 0.07226681709289551]
Best Acc:  92.71

Epoch: [94 | 120] LR: 0.010000
Training...
 -> Progress: 20 done!
 -> Progress: 40 done!
 -> Progress: 60 done!
 -> Progress: 80 done!
 -> Progress: 100 done!
Testing...
 -> Progress: 20 done!
 -> Progress: 40 done!
 -> Progress: 60 done!
 -> Progress: 80 done!
 -> Progress: 100 done!

Keys:  ['time', 'acc1', 'acc5', 'loss', 'ce_loss', 'l1_loss', 'l2_loss']
Training:  [0.0829723564255268, 99.49448529411765, 99.99800191815856, 0.018397275343551622, 0.018324949763134084, 0.0, 0.07232559239849105]
Testing:  [0.028396644592285157, 92.52, 99.7, 0.3248465231060982, 0.3247740715742111, 0.0, 0.07245383411645889]
Best Acc:  92.71

Epoch: [95 | 120] LR: 0.010000
Training...
 -> Progress: 20 done!
 -> Progress: 40 done!
 -> Progress: 60 done!
 -> Progress: 80 done!
 -> Progress: 100 done!
Testing...
 -> Progress: 20 done!
 -> Progress: 40 done!
 -> Progress: 60 done!
 -> Progress: 80 done!
 -> Progress: 100 done!

Keys:  ['time', 'acc1', 'acc5', 'loss', 'ce_loss', 'l1_loss', 'l2_loss']
Training:  [0.08301243940582666, 99.48529411764706, 100.0, 0.01827302744345325, 0.018200734806487626, 0.0, 0.07229258844157314]
Testing:  [0.028576147556304932, 92.63, 99.74, 0.316948656514287, 0.31687659457325934, 0.0, 0.0720565915107727]
Best Acc:  92.71

Epoch: [96 | 120] LR: 0.010000
Training...
 -> Progress: 20 done!
 -> Progress: 40 done!
 -> Progress: 60 done!
 -> Progress: 80 done!
 -> Progress: 100 done!
Testing...
 -> Progress: 20 done!
 -> Progress: 40 done!
 -> Progress: 60 done!
 -> Progress: 80 done!
 -> Progress: 100 done!

Keys:  ['time', 'acc1', 'acc5', 'loss', 'ce_loss', 'l1_loss', 'l2_loss']
Training:  [0.0831926253140735, 99.49608375959079, 100.0, 0.018167683633182514, 0.018095621362785853, 0.0, 0.07206228527876422]
Testing:  [0.028720412254333496, 92.54, 99.67, 0.32899691961705685, 0.32892477497458456, 0.0, 0.07214049249887466]
Best Acc:  92.71

Epoch: [97 | 120] LR: 0.010000
Training...
 -> Progress: 20 done!
 -> Progress: 40 done!
 -> Progress: 60 done!
 -> Progress: 80 done!
 -> Progress: 100 done!
Testing...
 -> Progress: 20 done!
 -> Progress: 40 done!
 -> Progress: 60 done!
 -> Progress: 80 done!
 -> Progress: 100 done!

Keys:  ['time', 'acc1', 'acc5', 'loss', 'ce_loss', 'l1_loss', 'l2_loss']
Training:  [0.08313341518802106, 99.4753037084399, 100.0, 0.01828765241897253, 0.018215732910977604, 0.0, 0.07191955976550231]
Testing:  [0.028296382427215577, 92.46, 99.71, 0.3216373596340418, 0.3215656513720751, 0.0, 0.07171429693698883]
Best Acc:  92.71

Epoch: [98 | 120] LR: 0.010000
Training...
 -> Progress: 20 done!
 -> Progress: 40 done!
 -> Progress: 60 done!
 -> Progress: 80 done!
 -> Progress: 100 done!
Testing...
 -> Progress: 20 done!
 -> Progress: 40 done!
 -> Progress: 60 done!
 -> Progress: 80 done!
 -> Progress: 100 done!

Keys:  ['time', 'acc1', 'acc5', 'loss', 'ce_loss', 'l1_loss', 'l2_loss']
Training:  [0.08313839575823616, 99.52805306905371, 99.99800191815856, 0.017338137030410948, 0.01726643660622637, 0.0, 0.07170041206547671]
Testing:  [0.02843050003051758, 92.59, 99.63, 0.32558727882802485, 0.3255154785513878, 0.0, 0.07180155813694]
Best Acc:  92.71

Epoch: [99 | 120] LR: 0.010000
Training...
 -> Progress: 20 done!
 -> Progress: 40 done!
 -> Progress: 60 done!
 -> Progress: 80 done!
 -> Progress: 100 done!
Testing...
 -> Progress: 20 done!
 -> Progress: 40 done!
 -> Progress: 60 done!
 -> Progress: 80 done!
 -> Progress: 100 done!

Keys:  ['time', 'acc1', 'acc5', 'loss', 'ce_loss', 'l1_loss', 'l2_loss']
Training:  [0.08298769387442742, 99.55242966751918, 100.0, 0.01758103600412588, 0.017509270330790975, 0.0, 0.07176567936111289]
Testing:  [0.02848243236541748, 92.5, 99.7, 0.32070224821567533, 0.32063041999936104, 0.0, 0.07183542847633362]
Best Acc:  92.71

Epoch: [100 | 120] LR: 0.010000
Training...
 -> Progress: 20 done!
 -> Progress: 40 done!
 -> Progress: 60 done!
 -> Progress: 80 done!
 -> Progress: 100 done!
Testing...
 -> Progress: 20 done!
 -> Progress: 40 done!
 -> Progress: 60 done!
 -> Progress: 80 done!
 -> Progress: 100 done!

Keys:  ['time', 'acc1', 'acc5', 'loss', 'ce_loss', 'l1_loss', 'l2_loss']
Training:  [0.08330127101420137, 99.51886189258312, 100.0, 0.017830002021587566, 0.017758193504436852, 0.0, 0.071808538511586]
Testing:  [0.028625926971435546, 92.24, 99.72, 0.3377030311524868, 0.3376312295347452, 0.0, 0.07180258631706238]
Best Acc:  92.71

Epoch: [101 | 120] LR: 0.010000
Training...
 -> Progress: 20 done!
 -> Progress: 40 done!
 -> Progress: 60 done!
 -> Progress: 80 done!
 -> Progress: 100 done!
Testing...
 -> Progress: 20 done!
 -> Progress: 40 done!
 -> Progress: 60 done!
 -> Progress: 80 done!
 -> Progress: 100 done!

Keys:  ['time', 'acc1', 'acc5', 'loss', 'ce_loss', 'l1_loss', 'l2_loss']
Training:  [0.0831435470629836, 99.49848145780051, 99.99800191815856, 0.017985947897581532, 0.017914100461984838, 0.0, 0.07184746710921797]
Testing:  [0.02837944507598877, 92.42, 99.69, 0.33136161863803865, 0.3312897950410843, 0.0, 0.07182059437036514]
Best Acc:  92.71

Epoch: [102 | 120] LR: 0.010000
Training...
 -> Progress: 20 done!
 -> Progress: 40 done!
 -> Progress: 60 done!
 -> Progress: 80 done!
 -> Progress: 100 done!
Testing...
 -> Progress: 20 done!
 -> Progress: 40 done!
 -> Progress: 60 done!
 -> Progress: 80 done!
 -> Progress: 100 done!

Keys:  ['time', 'acc1', 'acc5', 'loss', 'ce_loss', 'l1_loss', 'l2_loss']
Training:  [0.08285333189513068, 99.48049872122762, 99.99800191815856, 0.01791130402810214, 0.017839599074438557, 0.0, 0.07170492686960094]
Testing:  [0.028571939468383788, 92.58, 99.7, 0.32910064205527306, 0.3290289422869682, 0.0, 0.07169396430253983]
Best Acc:  92.71

Epoch: [103 | 120] LR: 0.010000
Training...
 -> Progress: 20 done!
 -> Progress: 40 done!
 -> Progress: 60 done!
 -> Progress: 80 done!
 -> Progress: 100 done!
Testing...
 -> Progress: 20 done!
 -> Progress: 40 done!
 -> Progress: 60 done!
 -> Progress: 80 done!
 -> Progress: 100 done!

Keys:  ['time', 'acc1', 'acc5', 'loss', 'ce_loss', 'l1_loss', 'l2_loss']
Training:  [0.08311758504804138, 99.53844309462916, 100.0, 0.017145518454677804, 0.017073990415086223, 0.0, 0.07152805927083315]
Testing:  [0.02849607467651367, 92.17, 99.65, 0.3402428264915943, 0.34017142444849013, 0.0, 0.07139293849468231]
Best Acc:  92.71

Epoch: [104 | 120] LR: 0.010000
Training...
 -> Progress: 20 done!
 -> Progress: 40 done!
 -> Progress: 60 done!
 -> Progress: 80 done!
 -> Progress: 100 done!
Testing...
 -> Progress: 20 done!
 -> Progress: 40 done!
 -> Progress: 60 done!
 -> Progress: 80 done!
 -> Progress: 100 done!

Keys:  ['time', 'acc1', 'acc5', 'loss', 'ce_loss', 'l1_loss', 'l2_loss']
Training:  [0.08309132363790137, 99.56641624040921, 100.0, 0.016625695970847898, 0.016554432551917214, 0.0, 0.07126340540626165]
Testing:  [0.028415975570678712, 92.45, 99.75, 0.3355191729962826, 0.33544797167181967, 0.0, 0.07120481133460999]
Best Acc:  92.71

Epoch: [105 | 120] LR: 0.010000
Training...
 -> Progress: 20 done!
 -> Progress: 40 done!
 -> Progress: 60 done!
 -> Progress: 80 done!
 -> Progress: 100 done!
Testing...
 -> Progress: 20 done!
 -> Progress: 40 done!
 -> Progress: 60 done!
 -> Progress: 80 done!
 -> Progress: 100 done!

Keys:  ['time', 'acc1', 'acc5', 'loss', 'ce_loss', 'l1_loss', 'l2_loss']
Training:  [0.08317676895414777, 99.51846227621483, 100.0, 0.01705801259676266, 0.016986775225090324, 0.0, 0.07123738647345691]
Testing:  [0.02847064971923828, 92.21, 99.72, 0.3376058153063059, 0.3375346473604441, 0.0, 0.07117112725973129]
Best Acc:  92.71

Epoch: [106 | 120] LR: 0.010000
Training...
 -> Progress: 20 done!
 -> Progress: 40 done!
 -> Progress: 60 done!
 -> Progress: 80 done!
 -> Progress: 100 done!
Testing...
 -> Progress: 20 done!
 -> Progress: 40 done!
 -> Progress: 60 done!
 -> Progress: 80 done!
 -> Progress: 100 done!

Keys:  ['time', 'acc1', 'acc5', 'loss', 'ce_loss', 'l1_loss', 'l2_loss']
Training:  [0.08310527264919428, 99.48849104859335, 99.99800191815856, 0.018816780067010857, 0.01874582067398769, 0.0, 0.07095931453244461]
Testing:  [0.028405182361602783, 92.22, 99.73, 0.33594356328248975, 0.335872597694397, 0.0, 0.07096821069717407]
Best Acc:  92.71

Epoch: [107 | 120] LR: 0.010000
Training...
 -> Progress: 20 done!
 -> Progress: 40 done!
 -> Progress: 60 done!
 -> Progress: 80 done!
 -> Progress: 100 done!
Testing...
 -> Progress: 20 done!
 -> Progress: 40 done!
 -> Progress: 60 done!
 -> Progress: 80 done!
 -> Progress: 100 done!

Keys:  ['time', 'acc1', 'acc5', 'loss', 'ce_loss', 'l1_loss', 'l2_loss']
Training:  [0.08309831643653343, 99.5604219948849, 100.0, 0.01671578969611117, 0.016645077649322923, 0.0, 0.0707120635472905]
Testing:  [0.028258001804351805, 92.53, 99.68, 0.33105592712759974, 0.33098531745374205, 0.0, 0.070611871778965]
Best Acc:  92.71

Epoch: [108 | 120] LR: 0.010000
Training...
 -> Progress: 20 done!
 -> Progress: 40 done!
 -> Progress: 60 done!
 -> Progress: 80 done!
 -> Progress: 100 done!
Testing...
 -> Progress: 20 done!
 -> Progress: 40 done!
 -> Progress: 60 done!
 -> Progress: 80 done!
 -> Progress: 100 done!

Keys:  ['time', 'acc1', 'acc5', 'loss', 'ce_loss', 'l1_loss', 'l2_loss']
Training:  [0.0831218021909904, 99.59039322250639, 100.0, 0.016079041770721315, 0.0160085299550115, 0.0, 0.070511798229059]
Testing:  [0.02830186367034912, 92.54, 99.65, 0.3333629608154297, 0.333292530477047, 0.0, 0.07043097913265228]
Best Acc:  92.71

Epoch: [109 | 120] LR: 0.010000
Training...
 -> Progress: 20 done!
 -> Progress: 40 done!
 -> Progress: 60 done!
 -> Progress: 80 done!
 -> Progress: 100 done!
Testing...
 -> Progress: 20 done!
 -> Progress: 40 done!
 -> Progress: 60 done!
 -> Progress: 80 done!
 -> Progress: 100 done!

Keys:  ['time', 'acc1', 'acc5', 'loss', 'ce_loss', 'l1_loss', 'l2_loss']
Training:  [0.08314127934253429, 99.53444693094629, 100.0, 0.016464404129397, 0.016393989210238543, 0.0, 0.0704149137372556]
Testing:  [0.028593826293945312, 92.49, 99.69, 0.32720477662980557, 0.3271343010663986, 0.0, 0.07047179341316223]
Best Acc:  92.71

Epoch: [110 | 120] LR: 0.010000
Training...
 -> Progress: 20 done!
 -> Progress: 40 done!
 -> Progress: 60 done!
 -> Progress: 80 done!
 -> Progress: 100 done!
Testing...
 -> Progress: 20 done!
 -> Progress: 40 done!
 -> Progress: 60 done!
 -> Progress: 80 done!
 -> Progress: 100 done!

Keys:  ['time', 'acc1', 'acc5', 'loss', 'ce_loss', 'l1_loss', 'l2_loss']
Training:  [0.0832594770299809, 99.56521739130434, 99.99800191815856, 0.016074727290569593, 0.016004227687750023, 0.0, 0.0704995441581587]
Testing:  [0.02841416358947754, 92.48, 99.64, 0.33474372178316114, 0.3346733319759369, 0.0, 0.07037942111492157]
Best Acc:  92.71

Epoch: [111 | 120] LR: 0.010000
Training...
 -> Progress: 20 done!
 -> Progress: 40 done!
 -> Progress: 60 done!
 -> Progress: 80 done!
 -> Progress: 100 done!
Testing...
 -> Progress: 20 done!
 -> Progress: 40 done!
 -> Progress: 60 done!
 -> Progress: 80 done!
 -> Progress: 100 done!

Keys:  ['time', 'acc1', 'acc5', 'loss', 'ce_loss', 'l1_loss', 'l2_loss']
Training:  [0.08303532027222617, 99.51406649616368, 100.0, 0.01669856710174857, 0.016628427497680533, 0.0, 0.07013963776476242]
Testing:  [0.028500947952270508, 92.25, 99.69, 0.3406344325840473, 0.3405642183125019, 0.0, 0.07021015882492065]
Best Acc:  92.71

Epoch: [112 | 120] LR: 0.010000
Training...
 -> Progress: 20 done!
 -> Progress: 40 done!
 -> Progress: 60 done!
 -> Progress: 80 done!
 -> Progress: 100 done!
Testing...
 -> Progress: 20 done!
 -> Progress: 40 done!
 -> Progress: 60 done!
 -> Progress: 80 done!
 -> Progress: 100 done!

Keys:  ['time', 'acc1', 'acc5', 'loss', 'ce_loss', 'l1_loss', 'l2_loss']
Training:  [0.0832421517433108, 99.534047314578, 100.0, 0.016429862016430864, 0.016359503326170585, 0.0, 0.07035867302009212]
Testing:  [0.02823866844177246, 92.43, 99.67, 0.3318708699941635, 0.3318005998432636, 0.0, 0.07026002556085587]
Best Acc:  92.71

Epoch: [113 | 120] LR: 0.010000
Training...
 -> Progress: 20 done!
 -> Progress: 40 done!
 -> Progress: 60 done!
 -> Progress: 80 done!
 -> Progress: 100 done!
Testing...
 -> Progress: 20 done!
 -> Progress: 40 done!
 -> Progress: 60 done!
 -> Progress: 80 done!
 -> Progress: 100 done!

Keys:  ['time', 'acc1', 'acc5', 'loss', 'ce_loss', 'l1_loss', 'l2_loss']
Training:  [0.08335940673223237, 99.57121163682865, 100.0, 0.016503500921265853, 0.016433478440241435, 0.0, 0.07002244255198237]
Testing:  [0.02850768804550171, 92.39, 99.74, 0.33037924230098725, 0.330309299826622, 0.0, 0.06994504481554031]
Best Acc:  92.71

Epoch: [114 | 120] LR: 0.010000
Training...
 -> Progress: 20 done!
 -> Progress: 40 done!
 -> Progress: 60 done!
 -> Progress: 80 done!
 -> Progress: 100 done!
Testing...
 -> Progress: 20 done!
 -> Progress: 40 done!
 -> Progress: 60 done!
 -> Progress: 80 done!
 -> Progress: 100 done!

Keys:  ['time', 'acc1', 'acc5', 'loss', 'ce_loss', 'l1_loss', 'l2_loss']
Training:  [0.08328967752968869, 99.605179028133, 99.99800191815856, 0.015853556023096033, 0.01578355101806581, 0.0, 0.07000499948516221]
Testing:  [0.028367269039154052, 92.57, 99.72, 0.3348815436661243, 0.33481126606464384, 0.0, 0.07028672844171524]
Best Acc:  92.71

Epoch: [115 | 120] LR: 0.010000
Training...
 -> Progress: 20 done!
 -> Progress: 40 done!
 -> Progress: 60 done!
 -> Progress: 80 done!
 -> Progress: 100 done!
Testing...
 -> Progress: 20 done!
 -> Progress: 40 done!
 -> Progress: 60 done!
 -> Progress: 80 done!
 -> Progress: 100 done!

Keys:  ['time', 'acc1', 'acc5', 'loss', 'ce_loss', 'l1_loss', 'l2_loss']
Training:  [0.08329840389359028, 99.54643542199489, 99.99800191815856, 0.016354795475669034, 0.016284385143452897, 0.0, 0.07041030478142106]
Testing:  [0.028319425582885742, 92.34, 99.69, 0.3318939455598593, 0.33182349674403666, 0.0, 0.07044502347707748]
Best Acc:  92.71

Epoch: [116 | 120] LR: 0.010000
Training...
 -> Progress: 20 done!
 -> Progress: 40 done!
 -> Progress: 60 done!
 -> Progress: 80 done!
 -> Progress: 100 done!
Testing...
 -> Progress: 20 done!
 -> Progress: 40 done!
 -> Progress: 60 done!
 -> Progress: 80 done!
 -> Progress: 100 done!

Keys:  ['time', 'acc1', 'acc5', 'loss', 'ce_loss', 'l1_loss', 'l2_loss']
Training:  [0.08311335022187294, 99.51846227621483, 100.0, 0.01666725081834666, 0.016596807280669697, 0.0, 0.07044356867023137]
Testing:  [0.02851448059082031, 92.27, 99.68, 0.3335221686586738, 0.3334518986567855, 0.0, 0.07025904208421707]
Best Acc:  92.71

Epoch: [117 | 120] LR: 0.010000
Training...
 -> Progress: 20 done!
 -> Progress: 40 done!
 -> Progress: 60 done!
 -> Progress: 80 done!
 -> Progress: 100 done!
Testing...
 -> Progress: 20 done!
 -> Progress: 40 done!
 -> Progress: 60 done!
 -> Progress: 80 done!
 -> Progress: 100 done!

Keys:  ['time', 'acc1', 'acc5', 'loss', 'ce_loss', 'l1_loss', 'l2_loss']
Training:  [0.08300966984780549, 99.58839514066496, 100.0, 0.016687798331363028, 0.01661774607927865, 0.0, 0.07005231957072797]
Testing:  [0.028349547386169432, 92.3, 99.66, 0.33756919659674167, 0.3374991960078478, 0.0, 0.06999218463897705]
Best Acc:  92.71

Epoch: [118 | 120] LR: 0.010000
Training...
 -> Progress: 20 done!
 -> Progress: 40 done!
 -> Progress: 60 done!
 -> Progress: 80 done!
 -> Progress: 100 done!
Testing...
 -> Progress: 20 done!
 -> Progress: 40 done!
 -> Progress: 60 done!
 -> Progress: 80 done!
 -> Progress: 100 done!

Keys:  ['time', 'acc1', 'acc5', 'loss', 'ce_loss', 'l1_loss', 'l2_loss']
Training:  [0.08314371840728213, 99.5991847826087, 100.0, 0.015878236089187585, 0.0158082016379289, 0.0, 0.07003443223207503]
Testing:  [0.028195083141326904, 92.28, 99.61, 0.342661946490407, 0.3425918484479189, 0.0, 0.0701073482632637]
Best Acc:  92.71

Epoch: [119 | 120] LR: 0.010000
Training...
 -> Progress: 20 done!
 -> Progress: 40 done!
 -> Progress: 60 done!
 -> Progress: 80 done!
 -> Progress: 100 done!
Testing...
 -> Progress: 20 done!
 -> Progress: 40 done!
 -> Progress: 60 done!
 -> Progress: 80 done!
 -> Progress: 100 done!

Keys:  ['time', 'acc1', 'acc5', 'loss', 'ce_loss', 'l1_loss', 'l2_loss']
Training:  [0.08312461992054035, 99.51886189258312, 100.0, 0.016445835859066976, 0.01637600495687226, 0.0, 0.06983090879972023]
Testing:  [0.028385396003723144, 92.3, 99.7, 0.3426020719110966, 0.3425320626795292, 0.0, 0.07000821083784103]
Best Acc:  92.71

Epoch: [120 | 120] LR: 0.010000
Training...
 -> Progress: 20 done!
 -> Progress: 40 done!
 -> Progress: 60 done!
 -> Progress: 80 done!
 -> Progress: 100 done!
Testing...
 -> Progress: 20 done!
 -> Progress: 40 done!
 -> Progress: 60 done!
 -> Progress: 80 done!
 -> Progress: 100 done!

Keys:  ['time', 'acc1', 'acc5', 'loss', 'ce_loss', 'l1_loss', 'l2_loss']
Training:  [0.08327481874724484, 99.51606457800511, 100.0, 0.016596159919181747, 0.016526284510903346, 0.0, 0.06987540938360307]
Testing:  [0.028276660442352296, 92.1, 99.71, 0.3534585030376911, 0.35338871002197264, 0.0, 0.06978504359722137]
Best Acc:  92.71

real	71m27.668s
user	90m8.773s
sys	4m42.603s

Ending script...
Wed Jan 12 16:49:50 EST 2022
