Wed Jan 12 01:32:38 EST 2022
Slurm nodes: evc9
You were assigned 1 gpu(s)
Please run `conda env list` to see a list of all available environments. Use
`source activate <env>` to activate the environment '<env>'. 

Currently Loaded Modules:
  1) anaconda/anaconda3

 

	[4mGPU0	mlx5_0	CPU Affinity	NUMA Affinity[0m
GPU0	 X 	SYS	8,10,12,14	0-1
mlx5_0	SYS	 X 		

Legend:

  X    = Self
  SYS  = Connection traversing PCIe as well as the SMP interconnect between NUMA nodes (e.g., QPI/UPI)
  NODE = Connection traversing PCIe as well as the interconnect between PCIe Host Bridges within a NUMA node
  PHB  = Connection traversing PCIe as well as a PCIe Host Bridge (typically the CPU)
  PXB  = Connection traversing multiple PCIe bridges (without traversing the PCIe Host Bridge)
  PIX  = Connection traversing at most a single PCIe bridge
  NV#  = Connection traversing a bonded set of # NVLinks


Namespace(add_bn=True, arch='resnet56', checkpoint='checkpoint', dataset='cifar10', epochs=60, gamma=0.1, jobid='122931', l1_weight=0, l2_weight=0.005, logs='logs', lr=0.01, manualSeed=9517, momentum=0.9, schedule=[20, 40], t=0.63, test_batch=100, train_batch=128, weight_decay=0.0005, workers=4)
Processing conv  0
Processing conv  1
Processing conv  2
Processing conv  3
Processing conv  4
Processing conv  5
Processing conv  6
Processing conv  7
Processing conv  8
Processing conv  9
Processing conv  10
Processing conv  11
Processing conv  12
Processing conv  13
Processing conv  14
Processing conv  15
Processing conv  16
Processing conv  17
Processing conv  18
Processing conv  19
Processing conv  20
Processing conv  21
Processing conv  22
Processing conv  23
Processing conv  24
Processing conv  25
Processing conv  26
Processing conv  27
Processing conv  28
Processing conv  29
Processing conv  30
Processing conv  31
Processing conv  32
Processing conv  33
Processing conv  34
Processing conv  35
Processing conv  36
Processing conv  37
Processing conv  38
Processing conv  39
Processing conv  40
Processing conv  41
Processing conv  42
Processing conv  43
Processing conv  44
Processing conv  45
Processing conv  46
Processing conv  47
Processing conv  48
Processing conv  49
Processing conv  50
Processing conv  51
Processing conv  52
Processing conv  53
Processing conv  54
Skipping linear  55
update_channels: Model compression is updated to 0.63

############################################# resnet56-cifar10 #############################################

    Model FLOPs: 250.97M
    Basis Model FLOPs: 90.08M
    % Reduction in FLOPs: 64.11 %
    % Speedup: 2.79 %

    Model Conv Params: 0.85M
    Basis Model Conv params: 0.31M
    % Reduction in Conv params: 63.66 %

    Model Total Params: 0.85M
    Basis Model Total params: 0.31M
    % Reduction in Total params: 63.61 %

    Model Filters: 2032
    Basis Model Filters: 654
    % Reduction in Filters: 67.81 %

    Model Accuracy: 
    Basis Model Accuracy: 
    Reduction in Accuracy: 

    Filter in original convs: [16, 16, 16, 16, 16, 16, 16, 16, 16, 16, 16, 16, 16, 16, 16, 16, 16, 16, 16, 32, 32, 32, 32, 32, 32, 32, 32, 32, 32, 32, 32, 32, 32, 32, 32, 32, 32, 64, 64, 64, 64, 64, 64, 64, 64, 64, 64, 64, 64, 64, 64, 64, 64, 64, 64]
    Filter in original basis convs: [3, 4, 5, 5, 5, 5, 6, 5, 5, 6, 5, 5, 5, 5, 5, 5, 4, 4, 4, 9, 11, 10, 11, 11, 12, 10, 12, 11, 12, 11, 12, 11, 11, 11, 12, 11, 10, 19, 24, 23, 24, 23, 23, 25, 23, 25, 22, 25, 19, 22, 17, 19, 12, 13, 7]

#########################################################################################################

==> Preparing dataset cifar10
Files already downloaded and verified
Testing...
 -> Progress: 20 done!
 -> Progress: 40 done!
 -> Progress: 60 done!
 -> Progress: 80 done!
 -> Progress: 100 done!

Test loss: 6.0088 
Val accuracy: 10.24%
==> Preparing dataset cifar10
Files already downloaded and verified
==> Preparing dataset cifar10
Files already downloaded and verified
    Total params: 0.31M

Epoch: [1 | 40] LR: 0.010000
Training...
 -> Progress: 20 done!
 -> Progress: 40 done!
 -> Progress: 60 done!
 -> Progress: 80 done!
 -> Progress: 100 done!
Testing...
 -> Progress: 20 done!
 -> Progress: 40 done!
 -> Progress: 60 done!
 -> Progress: 80 done!
 -> Progress: 100 done!

Keys:  ['time', 'acc1', 'acc5', 'loss', 'ce_loss', 'l1_loss', 'l2_loss']
Training:  [0.04930594388176413, 70.14625959079284, 96.52014066496163, 0.876592096465323, 0.876592096465323, 0.0, 0.0]
Testing:  [0.013530926704406738, 81.95, 99.0, 0.5344081878662109, 0.5344081878662109, 0.0, 0.0]
Best Acc:  81.95

Epoch: [2 | 40] LR: 0.010000
Training...
 -> Progress: 20 done!
 -> Progress: 40 done!
 -> Progress: 60 done!
 -> Progress: 80 done!
 -> Progress: 100 done!
Testing...
 -> Progress: 20 done!
 -> Progress: 40 done!
 -> Progress: 60 done!
 -> Progress: 80 done!
 -> Progress: 100 done!

Keys:  ['time', 'acc1', 'acc5', 'loss', 'ce_loss', 'l1_loss', 'l2_loss']
Training:  [0.04907435346442415, 86.80786445012788, 99.53324808184144, 0.37863327966779087, 0.37863327966779087, 0.0, 0.0]
Testing:  [0.013239974975585938, 85.63, 99.54, 0.4225435926020145, 0.4225435926020145, 0.0, 0.0]
Best Acc:  85.63

Epoch: [3 | 40] LR: 0.010000
Training...
 -> Progress: 20 done!
 -> Progress: 40 done!
 -> Progress: 60 done!
 -> Progress: 80 done!
 -> Progress: 100 done!
Testing...
 -> Progress: 20 done!
 -> Progress: 40 done!
 -> Progress: 60 done!
 -> Progress: 80 done!
 -> Progress: 100 done!

Keys:  ['time', 'acc1', 'acc5', 'loss', 'ce_loss', 'l1_loss', 'l2_loss']
Training:  [0.049111033949400765, 89.68230498721228, 99.73825127877238, 0.29338195557941865, 0.29338195557941865, 0.0, 0.0]
Testing:  [0.013327105045318604, 85.85, 99.56, 0.42077161848545075, 0.42077161848545075, 0.0, 0.0]
Best Acc:  85.85

Epoch: [4 | 40] LR: 0.010000
Training...
 -> Progress: 20 done!
 -> Progress: 40 done!
 -> Progress: 60 done!
 -> Progress: 80 done!
 -> Progress: 100 done!
Testing...
 -> Progress: 20 done!
 -> Progress: 40 done!
 -> Progress: 60 done!
 -> Progress: 80 done!
 -> Progress: 100 done!

Keys:  ['time', 'acc1', 'acc5', 'loss', 'ce_loss', 'l1_loss', 'l2_loss']
Training:  [0.04913996735497204, 91.02701406649616, 99.79819373401534, 0.25725231220578904, 0.25725231220578904, 0.0, 0.0]
Testing:  [0.013144009113311768, 87.35, 99.63, 0.38775630384683607, 0.38775630384683607, 0.0, 0.0]
Best Acc:  87.35

Epoch: [5 | 40] LR: 0.010000
Training...
 -> Progress: 20 done!
 -> Progress: 40 done!
 -> Progress: 60 done!
 -> Progress: 80 done!
 -> Progress: 100 done!
Testing...
 -> Progress: 20 done!
 -> Progress: 40 done!
 -> Progress: 60 done!
 -> Progress: 80 done!
 -> Progress: 100 done!

Keys:  ['time', 'acc1', 'acc5', 'loss', 'ce_loss', 'l1_loss', 'l2_loss']
Training:  [0.04898970328328554, 92.07760549872123, 99.84414961636828, 0.2256650971177289, 0.2256650971177289, 0.0, 0.0]
Testing:  [0.01316788673400879, 87.93, 99.62, 0.37666734486818315, 0.37666734486818315, 0.0, 0.0]
Best Acc:  87.93

Epoch: [6 | 40] LR: 0.010000
Training...
 -> Progress: 20 done!
 -> Progress: 40 done!
 -> Progress: 60 done!
 -> Progress: 80 done!
 -> Progress: 100 done!
Testing...
 -> Progress: 20 done!
 -> Progress: 40 done!
 -> Progress: 60 done!
 -> Progress: 80 done!
 -> Progress: 100 done!

Keys:  ['time', 'acc1', 'acc5', 'loss', 'ce_loss', 'l1_loss', 'l2_loss']
Training:  [0.04910518019400594, 92.34934462915601, 99.90609015345268, 0.21418149306264986, 0.21418149306264986, 0.0, 0.0]
Testing:  [0.013317804336547851, 87.95, 99.62, 0.37512643918395044, 0.37512643918395044, 0.0, 0.0]
Best Acc:  87.95

Epoch: [7 | 40] LR: 0.010000
Training...
 -> Progress: 20 done!
 -> Progress: 40 done!
 -> Progress: 60 done!
 -> Progress: 80 done!
 -> Progress: 100 done!
Testing...
 -> Progress: 20 done!
 -> Progress: 40 done!
 -> Progress: 60 done!
 -> Progress: 80 done!
 -> Progress: 100 done!

Keys:  ['time', 'acc1', 'acc5', 'loss', 'ce_loss', 'l1_loss', 'l2_loss']
Training:  [0.04907023754266217, 92.93757992327366, 99.86213235294117, 0.20265834233568758, 0.20265834233568758, 0.0, 0.0]
Testing:  [0.012998592853546143, 88.84, 99.61, 0.3547596336901188, 0.3547596336901188, 0.0, 0.0]
Best Acc:  88.84

Epoch: [8 | 40] LR: 0.010000
Training...
 -> Progress: 20 done!
 -> Progress: 40 done!
 -> Progress: 60 done!
 -> Progress: 80 done!
 -> Progress: 100 done!
Testing...
 -> Progress: 20 done!
 -> Progress: 40 done!
 -> Progress: 60 done!
 -> Progress: 80 done!
 -> Progress: 100 done!

Keys:  ['time', 'acc1', 'acc5', 'loss', 'ce_loss', 'l1_loss', 'l2_loss']
Training:  [0.049026472794125454, 93.4846547314578, 99.91608056265984, 0.18661610262892436, 0.18661610262892436, 0.0, 0.0]
Testing:  [0.01315314531326294, 89.52, 99.62, 0.3423367816209793, 0.3423367816209793, 0.0, 0.0]
Best Acc:  89.52

Epoch: [9 | 40] LR: 0.010000
Training...
 -> Progress: 20 done!
 -> Progress: 40 done!
 -> Progress: 60 done!
 -> Progress: 80 done!
 -> Progress: 100 done!
Testing...
 -> Progress: 20 done!
 -> Progress: 40 done!
 -> Progress: 60 done!
 -> Progress: 80 done!
 -> Progress: 100 done!

Keys:  ['time', 'acc1', 'acc5', 'loss', 'ce_loss', 'l1_loss', 'l2_loss']
Training:  [0.04915050594398128, 93.33879475703324, 99.90209398976982, 0.18723761941999426, 0.18723761941999426, 0.0, 0.0]
Testing:  [0.013324530124664306, 88.42, 99.51, 0.38619529619812965, 0.38619529619812965, 0.0, 0.0]
Best Acc:  89.52

Epoch: [10 | 40] LR: 0.010000
Training...
 -> Progress: 20 done!
 -> Progress: 40 done!
 -> Progress: 60 done!
 -> Progress: 80 done!
 -> Progress: 100 done!
Testing...
 -> Progress: 20 done!
 -> Progress: 40 done!
 -> Progress: 60 done!
 -> Progress: 80 done!
 -> Progress: 100 done!

Keys:  ['time', 'acc1', 'acc5', 'loss', 'ce_loss', 'l1_loss', 'l2_loss']
Training:  [0.049122915853319876, 93.91903772378517, 99.92806905370844, 0.1739618894941819, 0.1739618894941819, 0.0, 0.0]
Testing:  [0.013179593086242676, 88.48, 99.64, 0.3870388947427273, 0.3870388947427273, 0.0, 0.0]
Best Acc:  89.52

Epoch: [11 | 40] LR: 0.010000
Training...
 -> Progress: 20 done!
 -> Progress: 40 done!
 -> Progress: 60 done!
 -> Progress: 80 done!
 -> Progress: 100 done!
Testing...
 -> Progress: 20 done!
 -> Progress: 40 done!
 -> Progress: 60 done!
 -> Progress: 80 done!
 -> Progress: 100 done!

Keys:  ['time', 'acc1', 'acc5', 'loss', 'ce_loss', 'l1_loss', 'l2_loss']
Training:  [0.0490884408926415, 93.9298273657289, 99.92806905370844, 0.174232280448727, 0.174232280448727, 0.0, 0.0]
Testing:  [0.013169243335723876, 88.82, 99.67, 0.3531751774251461, 0.3531751774251461, 0.0, 0.0]
Best Acc:  89.52

Epoch: [12 | 40] LR: 0.010000
Training...
 -> Progress: 20 done!
 -> Progress: 40 done!
 -> Progress: 60 done!
 -> Progress: 80 done!
 -> Progress: 100 done!
Testing...
 -> Progress: 20 done!
 -> Progress: 40 done!
 -> Progress: 60 done!
 -> Progress: 80 done!
 -> Progress: 100 done!

Keys:  ['time', 'acc1', 'acc5', 'loss', 'ce_loss', 'l1_loss', 'l2_loss']
Training:  [0.04910573325193752, 94.04371803069054, 99.93406329923273, 0.16960124082653724, 0.16960124082653724, 0.0, 0.0]
Testing:  [0.013186924457550049, 89.05, 99.61, 0.36255632027983664, 0.36255632027983664, 0.0, 0.0]
Best Acc:  89.52

Epoch: [13 | 40] LR: 0.010000
Training...
 -> Progress: 20 done!
 -> Progress: 40 done!
 -> Progress: 60 done!
 -> Progress: 80 done!
 -> Progress: 100 done!
Testing...
 -> Progress: 20 done!
 -> Progress: 40 done!
 -> Progress: 60 done!
 -> Progress: 80 done!
 -> Progress: 100 done!

Keys:  ['time', 'acc1', 'acc5', 'loss', 'ce_loss', 'l1_loss', 'l2_loss']
Training:  [0.04923709762065917, 94.3486253196931, 99.92007672634271, 0.162210255089547, 0.162210255089547, 0.0, 0.0]
Testing:  [0.013073563575744629, 89.2, 99.7, 0.3268811135739088, 0.3268811135739088, 0.0, 0.0]
Best Acc:  89.52

Epoch: [14 | 40] LR: 0.010000
Training...
 -> Progress: 20 done!
 -> Progress: 40 done!
 -> Progress: 60 done!
 -> Progress: 80 done!
 -> Progress: 100 done!
Testing...
 -> Progress: 20 done!
 -> Progress: 40 done!
 -> Progress: 60 done!
 -> Progress: 80 done!
 -> Progress: 100 done!

Keys:  ['time', 'acc1', 'acc5', 'loss', 'ce_loss', 'l1_loss', 'l2_loss']
Training:  [0.04908502864105927, 94.26470588235294, 99.92806905370844, 0.16407597689982265, 0.16407597689982265, 0.0, 0.0]
Testing:  [0.013143906593322754, 89.88, 99.66, 0.3196598983556032, 0.3196598983556032, 0.0, 0.0]
Best Acc:  89.88

Epoch: [15 | 40] LR: 0.010000
Training...
 -> Progress: 20 done!
 -> Progress: 40 done!
 -> Progress: 60 done!
 -> Progress: 80 done!
 -> Progress: 100 done!
Testing...
 -> Progress: 20 done!
 -> Progress: 40 done!
 -> Progress: 60 done!
 -> Progress: 80 done!
 -> Progress: 100 done!

Keys:  ['time', 'acc1', 'acc5', 'loss', 'ce_loss', 'l1_loss', 'l2_loss']
Training:  [0.049068507026223576, 94.46451406649616, 99.91887787723785, 0.15984418921534668, 0.15984418921534668, 0.0, 0.0]
Testing:  [0.013221156597137452, 89.56, 99.57, 0.3316764052212238, 0.3316764052212238, 0.0, 0.0]
Best Acc:  89.88

Epoch: [16 | 40] LR: 0.010000
Training...
 -> Progress: 20 done!
 -> Progress: 40 done!
 -> Progress: 60 done!
 -> Progress: 80 done!
 -> Progress: 100 done!
Testing...
 -> Progress: 20 done!
 -> Progress: 40 done!
 -> Progress: 60 done!
 -> Progress: 80 done!
 -> Progress: 100 done!

Keys:  ['time', 'acc1', 'acc5', 'loss', 'ce_loss', 'l1_loss', 'l2_loss']
Training:  [0.04902217272297501, 94.58639705882354, 99.9440537084399, 0.15501935014029597, 0.15501935014029597, 0.0, 0.0]
Testing:  [0.013166875839233398, 88.66, 99.68, 0.36898922838270665, 0.36898922838270665, 0.0, 0.0]
Best Acc:  89.88

Epoch: [17 | 40] LR: 0.010000
Training...
 -> Progress: 20 done!
 -> Progress: 40 done!
 -> Progress: 60 done!
 -> Progress: 80 done!
 -> Progress: 100 done!
Testing...
 -> Progress: 20 done!
 -> Progress: 40 done!
 -> Progress: 60 done!
 -> Progress: 80 done!
 -> Progress: 100 done!

Keys:  ['time', 'acc1', 'acc5', 'loss', 'ce_loss', 'l1_loss', 'l2_loss']
Training:  [0.04903684613649802, 94.48889066496163, 99.95404411764706, 0.16020961259217822, 0.16020961259217822, 0.0, 0.0]
Testing:  [0.013224756717681885, 88.53, 99.64, 0.3677893967926502, 0.3677893967926502, 0.0, 0.0]
Best Acc:  89.88

Epoch: [18 | 40] LR: 0.010000
Training...
 -> Progress: 20 done!
 -> Progress: 40 done!
 -> Progress: 60 done!
 -> Progress: 80 done!
 -> Progress: 100 done!
Testing...
 -> Progress: 20 done!
 -> Progress: 40 done!
 -> Progress: 60 done!
 -> Progress: 80 done!
 -> Progress: 100 done!

Keys:  ['time', 'acc1', 'acc5', 'loss', 'ce_loss', 'l1_loss', 'l2_loss']
Training:  [0.04909141838093243, 94.5488331202046, 99.91807864450128, 0.15836661618650721, 0.15836661618650721, 0.0, 0.0]
Testing:  [0.013167400360107422, 89.66, 99.65, 0.3499761074781418, 0.3499761074781418, 0.0, 0.0]
Best Acc:  89.88

Epoch: [19 | 40] LR: 0.010000
Training...
 -> Progress: 20 done!
 -> Progress: 40 done!
 -> Progress: 60 done!
 -> Progress: 80 done!
 -> Progress: 100 done!
Testing...
 -> Progress: 20 done!
 -> Progress: 40 done!
 -> Progress: 60 done!
 -> Progress: 80 done!
 -> Progress: 100 done!

Keys:  ['time', 'acc1', 'acc5', 'loss', 'ce_loss', 'l1_loss', 'l2_loss']
Training:  [0.049102563077531504, 94.84494884910485, 99.94605179028133, 0.15110027149815083, 0.15110027149815083, 0.0, 0.0]
Testing:  [0.013196704387664794, 89.15, 99.69, 0.3460324962437153, 0.3460324962437153, 0.0, 0.0]
Best Acc:  89.88

Epoch: [20 | 40] LR: 0.010000
Training...
 -> Progress: 20 done!
 -> Progress: 40 done!
 -> Progress: 60 done!
 -> Progress: 80 done!
 -> Progress: 100 done!
Testing...
 -> Progress: 20 done!
 -> Progress: 40 done!
 -> Progress: 60 done!
 -> Progress: 80 done!
 -> Progress: 100 done!

Keys:  ['time', 'acc1', 'acc5', 'loss', 'ce_loss', 'l1_loss', 'l2_loss']
Training:  [0.04903315278270361, 94.57960358056266, 99.9440537084399, 0.15500237722226115, 0.15500237722226115, 0.0, 0.0]
Testing:  [0.013214998245239258, 89.26, 99.72, 0.34845462292432783, 0.34845462292432783, 0.0, 0.0]
Best Acc:  89.88

Epoch: [21 | 40] LR: 0.001000
Training...
 -> Progress: 20 done!
 -> Progress: 40 done!
 -> Progress: 60 done!
 -> Progress: 80 done!
 -> Progress: 100 done!
Testing...
 -> Progress: 20 done!
 -> Progress: 40 done!
 -> Progress: 60 done!
 -> Progress: 80 done!
 -> Progress: 100 done!

Keys:  ['time', 'acc1', 'acc5', 'loss', 'ce_loss', 'l1_loss', 'l2_loss']
Training:  [0.04908445058271403, 96.78868286445012, 99.97802109974424, 0.09998825181018361, 0.09998825181018361, 0.0, 0.0]
Testing:  [0.013316867351531982, 91.26, 99.8, 0.2774415799230337, 0.2774415799230337, 0.0, 0.0]
Best Acc:  91.26

Epoch: [22 | 40] LR: 0.001000
Training...
 -> Progress: 20 done!
 -> Progress: 40 done!
 -> Progress: 60 done!
 -> Progress: 80 done!
 -> Progress: 100 done!
Testing...
 -> Progress: 20 done!
 -> Progress: 40 done!
 -> Progress: 60 done!
 -> Progress: 80 done!
 -> Progress: 100 done!

Keys:  ['time', 'acc1', 'acc5', 'loss', 'ce_loss', 'l1_loss', 'l2_loss']
Training:  [0.04905551717714276, 97.43885869565217, 99.97002877237851, 0.08014631307567172, 0.08014631307567172, 0.0, 0.0]
Testing:  [0.013213820457458496, 91.58, 99.81, 0.2744920588284731, 0.2744920588284731, 0.0, 0.0]
Best Acc:  91.58

Epoch: [23 | 40] LR: 0.001000
Training...
 -> Progress: 20 done!
 -> Progress: 40 done!
 -> Progress: 60 done!
 -> Progress: 80 done!
 -> Progress: 100 done!
Testing...
 -> Progress: 20 done!
 -> Progress: 40 done!
 -> Progress: 60 done!
 -> Progress: 80 done!
 -> Progress: 100 done!

Keys:  ['time', 'acc1', 'acc5', 'loss', 'ce_loss', 'l1_loss', 'l2_loss']
Training:  [0.04902591058970107, 97.68102621483376, 99.98001918158567, 0.07324148922720376, 0.07324148922720376, 0.0, 0.0]
Testing:  [0.013154983520507812, 91.78, 99.8, 0.2729812303930521, 0.2729812303930521, 0.0, 0.0]
Best Acc:  91.78

Epoch: [24 | 40] LR: 0.001000
Training...
 -> Progress: 20 done!
 -> Progress: 40 done!
 -> Progress: 60 done!
 -> Progress: 80 done!
 -> Progress: 100 done!
Testing...
 -> Progress: 20 done!
 -> Progress: 40 done!
 -> Progress: 60 done!
 -> Progress: 80 done!
 -> Progress: 100 done!

Keys:  ['time', 'acc1', 'acc5', 'loss', 'ce_loss', 'l1_loss', 'l2_loss']
Training:  [0.04903560160371044, 97.71099744245524, 99.98401534526855, 0.06967890300714147, 0.06967890300714147, 0.0, 0.0]
Testing:  [0.013283944129943848, 91.77, 99.8, 0.27608608201146123, 0.27608608201146123, 0.0, 0.0]
Best Acc:  91.78

Epoch: [25 | 40] LR: 0.001000
Training...
 -> Progress: 20 done!
 -> Progress: 40 done!
 -> Progress: 60 done!
 -> Progress: 80 done!
 -> Progress: 100 done!
Testing...
 -> Progress: 20 done!
 -> Progress: 40 done!
 -> Progress: 60 done!
 -> Progress: 80 done!
 -> Progress: 100 done!

Keys:  ['time', 'acc1', 'acc5', 'loss', 'ce_loss', 'l1_loss', 'l2_loss']
Training:  [0.049163018346137705, 98.01430626598466, 99.9880115089514, 0.06451095232878194, 0.06451095232878194, 0.0, 0.0]
Testing:  [0.01315910816192627, 91.69, 99.81, 0.2764467398822308, 0.2764467398822308, 0.0, 0.0]
Best Acc:  91.78

Epoch: [26 | 40] LR: 0.001000
Training...
 -> Progress: 20 done!
 -> Progress: 40 done!
 -> Progress: 60 done!
 -> Progress: 80 done!
 -> Progress: 100 done!
Testing...
 -> Progress: 20 done!
 -> Progress: 40 done!
 -> Progress: 60 done!
 -> Progress: 80 done!
 -> Progress: 100 done!

Keys:  ['time', 'acc1', 'acc5', 'loss', 'ce_loss', 'l1_loss', 'l2_loss']
Training:  [0.04900980361587251, 98.1369884910486, 99.99200767263427, 0.060656059690562966, 0.060656059690562966, 0.0, 0.0]
Testing:  [0.013231370449066162, 91.95, 99.85, 0.27751548774540424, 0.27751548774540424, 0.0, 0.0]
Best Acc:  91.95

Epoch: [27 | 40] LR: 0.001000
Training...
 -> Progress: 20 done!
 -> Progress: 40 done!
 -> Progress: 60 done!
 -> Progress: 80 done!
 -> Progress: 100 done!
Testing...
 -> Progress: 20 done!
 -> Progress: 40 done!
 -> Progress: 60 done!
 -> Progress: 80 done!
 -> Progress: 100 done!

Keys:  ['time', 'acc1', 'acc5', 'loss', 'ce_loss', 'l1_loss', 'l2_loss']
Training:  [0.04911853651256513, 98.25447570332481, 99.9880115089514, 0.05793157368040908, 0.05793157368040908, 0.0, 0.0]
Testing:  [0.013235430717468261, 91.89, 99.83, 0.2782490751892328, 0.2782490751892328, 0.0, 0.0]
Best Acc:  91.95

Epoch: [28 | 40] LR: 0.001000
Training...
 -> Progress: 20 done!
 -> Progress: 40 done!
 -> Progress: 60 done!
 -> Progress: 80 done!
 -> Progress: 100 done!
Testing...
 -> Progress: 20 done!
 -> Progress: 40 done!
 -> Progress: 60 done!
 -> Progress: 80 done!
 -> Progress: 100 done!

Keys:  ['time', 'acc1', 'acc5', 'loss', 'ce_loss', 'l1_loss', 'l2_loss']
Training:  [0.0490838767927321, 98.27046035805627, 99.99200767263427, 0.055565267415417126, 0.055565267415417126, 0.0, 0.0]
Testing:  [0.013181698322296143, 91.8, 99.81, 0.2816990538686514, 0.2816990538686514, 0.0, 0.0]
Best Acc:  91.95

Epoch: [29 | 40] LR: 0.001000
Training...
 -> Progress: 20 done!
 -> Progress: 40 done!
 -> Progress: 60 done!
 -> Progress: 80 done!
 -> Progress: 100 done!
Testing...
 -> Progress: 20 done!
 -> Progress: 40 done!
 -> Progress: 60 done!
 -> Progress: 80 done!
 -> Progress: 100 done!

Keys:  ['time', 'acc1', 'acc5', 'loss', 'ce_loss', 'l1_loss', 'l2_loss']
Training:  [0.0491725770408845, 98.27405690537084, 99.99000959079284, 0.055279413142891795, 0.055279413142891795, 0.0, 0.0]
Testing:  [0.013191189765930176, 92.14, 99.78, 0.27636752627789973, 0.27636752627789973, 0.0, 0.0]
Best Acc:  92.14

Epoch: [30 | 40] LR: 0.001000
Training...
 -> Progress: 20 done!
 -> Progress: 40 done!
 -> Progress: 60 done!
 -> Progress: 80 done!
 -> Progress: 100 done!
Testing...
 -> Progress: 20 done!
 -> Progress: 40 done!
 -> Progress: 60 done!
 -> Progress: 80 done!
 -> Progress: 100 done!

Keys:  ['time', 'acc1', 'acc5', 'loss', 'ce_loss', 'l1_loss', 'l2_loss']
Training:  [0.04908563657794767, 98.32121163682865, 99.99400575447571, 0.05375032619480282, 0.05375032619480282, 0.0, 0.0]
Testing:  [0.013353722095489502, 91.95, 99.83, 0.28164589785039423, 0.28164589785039423, 0.0, 0.0]
Best Acc:  92.14

Epoch: [31 | 40] LR: 0.001000
Training...
 -> Progress: 20 done!
 -> Progress: 40 done!
 -> Progress: 60 done!
 -> Progress: 80 done!
 -> Progress: 100 done!
Testing...
 -> Progress: 20 done!
 -> Progress: 40 done!
 -> Progress: 60 done!
 -> Progress: 80 done!
 -> Progress: 100 done!

Keys:  ['time', 'acc1', 'acc5', 'loss', 'ce_loss', 'l1_loss', 'l2_loss']
Training:  [0.049066693581583554, 98.4283088235294, 99.99400575447571, 0.05034984056087558, 0.05034984056087558, 0.0, 0.0]
Testing:  [0.013226797580718994, 92.04, 99.81, 0.2854850392043591, 0.2854850392043591, 0.0, 0.0]
Best Acc:  92.14

Epoch: [32 | 40] LR: 0.001000
Training...
 -> Progress: 20 done!
 -> Progress: 40 done!
 -> Progress: 60 done!
 -> Progress: 80 done!
 -> Progress: 100 done!
Testing...
 -> Progress: 20 done!
 -> Progress: 40 done!
 -> Progress: 60 done!
 -> Progress: 80 done!
 -> Progress: 100 done!

Keys:  ['time', 'acc1', 'acc5', 'loss', 'ce_loss', 'l1_loss', 'l2_loss']
Training:  [0.04910270332375451, 98.39953644501279, 99.99400575447571, 0.04993043903290006, 0.04993043903290006, 0.0, 0.0]
Testing:  [0.013185234069824218, 92.03, 99.78, 0.28593352265655997, 0.28593352265655997, 0.0, 0.0]
Best Acc:  92.14

Epoch: [33 | 40] LR: 0.001000
Training...
 -> Progress: 20 done!
 -> Progress: 40 done!
 -> Progress: 60 done!
 -> Progress: 80 done!
 -> Progress: 100 done!
Testing...
 -> Progress: 20 done!
 -> Progress: 40 done!
 -> Progress: 60 done!
 -> Progress: 80 done!
 -> Progress: 100 done!

Keys:  ['time', 'acc1', 'acc5', 'loss', 'ce_loss', 'l1_loss', 'l2_loss']
Training:  [0.049030456396624865, 98.46027813299233, 99.99800191815856, 0.04949184850601437, 0.04949184850601437, 0.0, 0.0]
Testing:  [0.013192870616912843, 92.12, 99.81, 0.28622859813272955, 0.28622859813272955, 0.0, 0.0]
Best Acc:  92.14

Epoch: [34 | 40] LR: 0.001000
Training...
 -> Progress: 20 done!
 -> Progress: 40 done!
 -> Progress: 60 done!
 -> Progress: 80 done!
 -> Progress: 100 done!
Testing...
 -> Progress: 20 done!
 -> Progress: 40 done!
 -> Progress: 60 done!
 -> Progress: 80 done!
 -> Progress: 100 done!

Keys:  ['time', 'acc1', 'acc5', 'loss', 'ce_loss', 'l1_loss', 'l2_loss']
Training:  [0.04903387108727184, 98.52541560102301, 99.99600383631713, 0.04627410113297003, 0.04627410113297003, 0.0, 0.0]
Testing:  [0.01329972743988037, 92.14, 99.8, 0.2864620028436184, 0.2864620028436184, 0.0, 0.0]
Best Acc:  92.14

Epoch: [35 | 40] LR: 0.001000
Training...
 -> Progress: 20 done!
 -> Progress: 40 done!
 -> Progress: 60 done!
 -> Progress: 80 done!
 -> Progress: 100 done!
Testing...
 -> Progress: 20 done!
 -> Progress: 40 done!
 -> Progress: 60 done!
 -> Progress: 80 done!
 -> Progress: 100 done!

Keys:  ['time', 'acc1', 'acc5', 'loss', 'ce_loss', 'l1_loss', 'l2_loss']
Training:  [0.04905630865365343, 98.57177109974424, 99.99400575447571, 0.04724810428231421, 0.04724810428231421, 0.0, 0.0]
Testing:  [0.013208327293395996, 92.04, 99.78, 0.29178414478898046, 0.29178414478898046, 0.0, 0.0]
Best Acc:  92.14

Epoch: [36 | 40] LR: 0.001000
Training...
 -> Progress: 20 done!
 -> Progress: 40 done!
 -> Progress: 60 done!
 -> Progress: 80 done!
 -> Progress: 100 done!
Testing...
 -> Progress: 20 done!
 -> Progress: 40 done!
 -> Progress: 60 done!
 -> Progress: 80 done!
 -> Progress: 100 done!

Keys:  ['time', 'acc1', 'acc5', 'loss', 'ce_loss', 'l1_loss', 'l2_loss']
Training:  [0.0490717558604677, 98.676070971867, 99.99600383631713, 0.04379922260180154, 0.04379922260180154, 0.0, 0.0]
Testing:  [0.013151841163635254, 91.91, 99.83, 0.2892836409062147, 0.2892836409062147, 0.0, 0.0]
Best Acc:  92.14

Epoch: [37 | 40] LR: 0.001000
Training...
 -> Progress: 20 done!
 -> Progress: 40 done!
 -> Progress: 60 done!
 -> Progress: 80 done!
 -> Progress: 100 done!
Testing...
 -> Progress: 20 done!
 -> Progress: 40 done!
 -> Progress: 60 done!
 -> Progress: 80 done!
 -> Progress: 100 done!

Keys:  ['time', 'acc1', 'acc5', 'loss', 'ce_loss', 'l1_loss', 'l2_loss']
Training:  [0.04931760017219407, 98.65289322250639, 99.99200767263427, 0.04422937886184439, 0.04422937886184439, 0.0, 0.0]
Testing:  [0.01333864450454712, 92.09, 99.81, 0.28636617481708526, 0.28636617481708526, 0.0, 0.0]
Best Acc:  92.14

Epoch: [38 | 40] LR: 0.001000
Training...
 -> Progress: 20 done!
 -> Progress: 40 done!
 -> Progress: 60 done!
 -> Progress: 80 done!
 -> Progress: 100 done!
Testing...
 -> Progress: 20 done!
 -> Progress: 40 done!
 -> Progress: 60 done!
 -> Progress: 80 done!
 -> Progress: 100 done!

Keys:  ['time', 'acc1', 'acc5', 'loss', 'ce_loss', 'l1_loss', 'l2_loss']
Training:  [0.049122010350532236, 98.71323529411765, 99.99600383631713, 0.04245864387001375, 0.04245864387001375, 0.0, 0.0]
Testing:  [0.013162760734558106, 92.01, 99.81, 0.29481241665780544, 0.29481241665780544, 0.0, 0.0]
Best Acc:  92.14

Epoch: [39 | 40] LR: 0.001000
Training...
 -> Progress: 20 done!
 -> Progress: 40 done!
 -> Progress: 60 done!
 -> Progress: 80 done!
 -> Progress: 100 done!
Testing...
 -> Progress: 20 done!
 -> Progress: 40 done!
 -> Progress: 60 done!
 -> Progress: 80 done!
 -> Progress: 100 done!

Keys:  ['time', 'acc1', 'acc5', 'loss', 'ce_loss', 'l1_loss', 'l2_loss']
Training:  [0.04901882815543953, 98.7791719948849, 99.99200767263427, 0.04062595721715323, 0.04062595721715323, 0.0, 0.0]
Testing:  [0.01316347599029541, 92.04, 99.8, 0.292452752366662, 0.292452752366662, 0.0, 0.0]
Best Acc:  92.14

Epoch: [40 | 40] LR: 0.001000
Training...
 -> Progress: 20 done!
 -> Progress: 40 done!
 -> Progress: 60 done!
 -> Progress: 80 done!
 -> Progress: 100 done!
Testing...
 -> Progress: 20 done!
 -> Progress: 40 done!
 -> Progress: 60 done!
 -> Progress: 80 done!
 -> Progress: 100 done!

Keys:  ['time', 'acc1', 'acc5', 'loss', 'ce_loss', 'l1_loss', 'l2_loss']
Training:  [0.04875991411526185, 98.79995204603581, 99.99400575447571, 0.041619760429729584, 0.041619760429729584, 0.0, 0.0]
Testing:  [0.012984907627105713, 92.04, 99.83, 0.297354384586215, 0.297354384586215, 0.0, 0.0]
Best Acc:  92.14

real	14m4.990s
user	20m27.506s
sys	1m25.774s

Ending script...
Wed Jan 12 01:46:44 EST 2022
